Cleaning output directory (./../../huawei/kirin710-9-common/../../../vendor/huawei/kirin710-9-common/proprietary)..
Extracting 542 files in ./../../huawei/kirin710-9-common/proprietary-files.txt from ./dump/:
  - vendor/bin/hw/android.hardware.drm@1.1-service.widevine
  - vendor/lib/libwvhidl.so
    + Fixed up vendor/lib/libwvhidl.so
  - vendor/lib/liboemcrypto.so
  - system/bin/tee_auth_daemon
  - system/etc/native_packages.bin
  - system/lib/libc_secshared.so
  - system/lib/libteec_client.so
  - system/lib/libteeclientjni.so
  - system/lib/libtuidaemon.so
  - system/lib/vendor.huawei.hardware.libteec@1.0.so
  - system/lib/vendor.huawei.hardware.libteec@2.0.so
  - system/lib64/libc_secshared.so
  - system/lib64/libteec_client.so
  - system/lib64/libteeclientjni.so
  - system/lib64/libtuidaemon.so
  - system/lib64/vendor.huawei.hardware.libteec@1.0.so
  - system/lib64/vendor.huawei.hardware.libteec@2.0.so
  - system/usr/idc/fingerprint.idc
  - system/usr/keylayout/fingerprint.kl
  - vendor/bin/32e6a847-ac89-4f81-8a13-f4ae50451d7f.sec
  - vendor/bin/335129cd-41fa-4b53-9797-5ccb202a52d4.sec
  - vendor/bin/4382f063-a6c3-485f-8786-e275512bd2ad.sec
  - vendor/bin/4ae7ba51-2810-4cee-abbe-a42307b4ace3.sec
  - vendor/bin/54ad737b-d84a-46bd-b993-1a90883f66f7.sec
  - vendor/bin/6c8cf255-ca98-439e-a98e-ade64022ecb6.sec
  - vendor/bin/859703f3-3cc5-4e88-b263-08f9ce82e3d0.sec
  - vendor/bin/86310d18-5659-47c9-b212-841a3ca4f814.sec
  - vendor/bin/868ccafb-794b-46c6-b5c4-9f1462de4e02.sec
  - vendor/bin/883890ba-3ef8-4f0b-9c02-f5874acbf2ff.sec
  - vendor/bin/993e26b8-0273-408e-98d3-60c997c37121.sec
  - vendor/bin/9b17660b-8968-4eed-917e-dd32379bd548.sec
  - vendor/bin/CameraDaemon
  - vendor/bin/a3d05777-b0ec-43b0-8887-a7f93697830a.sec
  - vendor/bin/aptouch_daemon
  - vendor/bin/b4b71581-add2-e89f-d536-f35436dc7973.sec
  - vendor/bin/c30917f8-d869-4379-8f46-4ac62be198dd.sec
  - vendor/bin/d77c4d60-d279-4425-afa8-7f94559eae16.sec
  - vendor/bin/e00d7df7-79e5-4507-9d8c-df03d5a7a8a5.sec
  - vendor/bin/e2983b4f-1683-4445-9eec-1f7318757792.sec
  - vendor/bin/e8014913-e501-4d44-a9d6-058ec3b93b90.sec
  - vendor/bin/fd1bbfb2-9a62-4b27-8fdb-a503529076af.sec
  - vendor/bin/fpc_1075_ta.sec
  - vendor/bin/fpc_1266Z120_ta.sec
  - vendor/bin/fpkit_fpc_1023_ta.sec
  - vendor/bin/fpkit_fpc_1266Z120_ta.sec
  - vendor/bin/fpkit_fpc_1291_ta.sec
  - vendor/bin/fpkit_fpc_1511_ta.sec
  - vendor/bin/fpkit_goodix_3206_ta.sec
  - vendor/bin/fpkit_goodix_3258_ta.sec
  - vendor/bin/fpkit_goodix_3658_ta.sec
  - vendor/bin/fpkit_goodix_5288_ta.sec
  - vendor/bin/fpkit_goodix_5296_ta.sec
  - vendor/bin/fpkit_silead_6132_ta.sec
  - vendor/bin/fpkit_silead_6152B_ta.sec
  - vendor/bin/fpkit_silead_6152_ta.sec
  - vendor/bin/fpkit_silead_6165_ta.sec
  - vendor/bin/fpkit_silead_6275_ta.sec
  - vendor/bin/gnss_control_hisi
  - vendor/bin/gnss_engine_hisi
  - vendor/bin/gnss_supl20clientd_hisi
  - vendor/bin/gnss_watchlssd_thirdparty
  - vendor/bin/goodix_3288_ta.sec
  - vendor/bin/goodix_5296_ta.sec
  - vendor/bin/gpsdaemon
  - vendor/bin/hw/android.hardware.secure_element@1.0-service.hisi
  - vendor/bin/hw/rild
  - vendor/bin/hw/vendor.huawei.hardware.biometrics.fingerprint@2.1-service
  - vendor/bin/hw/vendor.huawei.hardware.gnss@1.2-service
  - vendor/bin/hw/vendor.huawei.hardware.graphics.mediacomm@2.0-service
  - vendor/bin/hw/vendor.huawei.hardware.hisupl@1.0-service
  - vendor/bin/hw/vendor.huawei.hardware.iawareperf@1.0-service
  - vendor/bin/hw/vendor.huawei.hardware.libteec@2.0-service
  - vendor/bin/hw/vendor.huawei.hardware.perfgenius@2.0-service
  - vendor/bin/hw/vendor.huawei.hardware.sensors@1.0-service
  - vendor/bin/hw/vendor.huawei.hardware.tp@1.0-service
  - vendor/bin/oam_hisi
  - vendor/bin/octty
  - vendor/bin/oeminfo_nvm_server
  - vendor/bin/qfp_1500_ta.sec
  - vendor/bin/silead_61856_ta.sec
  - vendor/bin/silead_6275_ta.sec
  - vendor/bin/start_connectivity_hisi
  - vendor/bin/syna_155A_ta.sec
  - vendor/bin/teecd
  - vendor/bin/tlogcat
  - vendor/etc/DroidSansFallbackTui.ttf
  - vendor/etc/bluetooth/bt_vendor.conf
  - vendor/etc/camera/bshutter/default/algo.xml
  - vendor/etc/camera/bshutter/default/info.xml
  - vendor/etc/camera/cnnmodel/frontbokeh/DNN_Seg_Short_329.model
  - vendor/etc/camera/configeffect/default/gcd.xml
    + Fixed up vendor/etc/camera/configeffect/default/gcd.xml
  - vendor/etc/camera/configeffect/default/rawnf.xml
    + Fixed up vendor/etc/camera/configeffect/default/rawnf.xml
  - vendor/etc/camera/configeffect/default/sharpen.xml
    + Fixed up vendor/etc/camera/configeffect/default/sharpen.xml
  - vendor/etc/camera/configeffect/default/yuvnf.xml
    + Fixed up vendor/etc/camera/configeffect/default/yuvnf.xml
  - vendor/etc/camera/configeffect/multidenoise/default/raw_dpf.xml
    + Fixed up vendor/etc/camera/configeffect/multidenoise/default/raw_dpf.xml
  - vendor/etc/camera/configeffect/multidenoise/default/raw_dpf_aux.xml
    + Fixed up vendor/etc/camera/configeffect/multidenoise/default/raw_dpf_aux.xml
  - vendor/etc/camera/configeffect/multidenoise/default/sharpen_arsr.xml
    + Fixed up vendor/etc/camera/configeffect/multidenoise/default/sharpen_arsr.xml
  - vendor/etc/camera/configeffect/multidenoise/default/sharpen_arsr_aux.xml
    + Fixed up vendor/etc/camera/configeffect/multidenoise/default/sharpen_arsr_aux.xml
  - vendor/etc/camera/configeffect/multidenoise/default/switches.xml
    + Fixed up vendor/etc/camera/configeffect/multidenoise/default/switches.xml
  - vendor/etc/camera/configeffect/multidenoise/default/yuv_dnr.xml
    + Fixed up vendor/etc/camera/configeffect/multidenoise/default/yuv_dnr.xml
  - vendor/etc/camera/configeffect/multidenoise/default/yuv_dnr_aux.xml
    + Fixed up vendor/etc/camera/configeffect/multidenoise/default/yuv_dnr_aux.xml
  - vendor/etc/camera/configeffect/opticalzoom/default/raw_dpf.xml
    + Fixed up vendor/etc/camera/configeffect/opticalzoom/default/raw_dpf.xml
  - vendor/etc/camera/configeffect/opticalzoom/default/raw_dpf_aux.xml
    + Fixed up vendor/etc/camera/configeffect/opticalzoom/default/raw_dpf_aux.xml
  - vendor/etc/camera/configeffect/opticalzoom/default/sharpen_arsr.xml
    + Fixed up vendor/etc/camera/configeffect/opticalzoom/default/sharpen_arsr.xml
  - vendor/etc/camera/configeffect/opticalzoom/default/sharpen_arsr_aux.xml
    + Fixed up vendor/etc/camera/configeffect/opticalzoom/default/sharpen_arsr_aux.xml
  - vendor/etc/camera/configeffect/opticalzoom/default/switches.xml
    + Fixed up vendor/etc/camera/configeffect/opticalzoom/default/switches.xml
  - vendor/etc/camera/configeffect/opticalzoom/default/yuv_dnr.xml
    + Fixed up vendor/etc/camera/configeffect/opticalzoom/default/yuv_dnr.xml
  - vendor/etc/camera/configeffect/opticalzoom/default/yuv_dnr_aux.xml
    + Fixed up vendor/etc/camera/configeffect/opticalzoom/default/yuv_dnr_aux.xml
  - vendor/etc/camera/davinci/default/cm_correction.dat
  - vendor/etc/camera/davinci/default/cm_foliage.dat
  - vendor/etc/camera/davinci/default/cm_normal.dat
  - vendor/etc/camera/davinci/default/cm_sky.dat
  - vendor/etc/camera/davinci/default/cm_sunset.dat
  - vendor/etc/camera/davinci/default/hdr.xml
  - vendor/etc/camera/davinci/default/imgproc.xml
  - vendor/etc/camera/davinci/default/nicefood/imgproc.xml
  - vendor/etc/camera/dcsr/dcsr.xml
  - vendor/etc/camera/dcsr/dcsr_kernel
  - vendor/etc/camera/dcsr/sr.bin
  - vendor/etc/camera/filter/filter.xml
    + Fixed up vendor/etc/camera/filter/filter.xml
  - vendor/etc/camera/filter/mixIm.dat
  - vendor/etc/camera/hwbeauty/default/hwbeauty_params.xml
  - vendor/etc/camera/hwscope/default/hwsz.xml
  - vendor/etc/camera/hwscope/default/kernel
  - vendor/etc/camera/libcl/wideAperture.bin
  - vendor/etc/camera/mmi7cm/default/mmi7cmConfig.xml
  - vendor/etc/camera/nicefood/default/niceFood.dat
  - vendor/etc/camera/opticalzoom/default/hwnie.xml
  - vendor/etc/camera/opticalzoom/default/hwnie_co.xml
  - vendor/etc/camera/opticalzoom/default/hwnie_star.xml
  - vendor/etc/camera/opticalzoom/default/hwoz.xml
  - vendor/etc/camera/opticalzoom/default/hwoz_kernel.dat
  - vendor/etc/camera/opticalzoom/default/oz_ref_match_1.dat
  - vendor/etc/camera/opticalzoom/default/oz_ref_match_2.dat
  - vendor/etc/camera/opticalzoom/default/sr_lanczos_lut.dat
  - vendor/etc/camera/opticalzoom/default/sr_lanczos_lut_0.dat
  - vendor/etc/camera/opticalzoom/default/sr_lanczos_lut_1.dat
  - vendor/etc/camera/opticalzoom/default/sr_lanczos_lut_2.dat
  - vendor/etc/camera/smartae/default/SmartAE.xml
  - vendor/etc/camera/tornado/default/TornadoI.ini
  - vendor/etc/camera/tracking/targettracking.xml
  - vendor/etc/camera/watermark/dm.argb
  - vendor/etc/camera/watermark/dm.png
  - vendor/etc/camera/watermark/param.xml
  - vendor/etc/factory_modem.cfg
  - vendor/etc/geoloc.conf
  - vendor/etc/gnss/config/gnss_lss_config_thirdparty.bin
  - vendor/etc/gnss/config/gnss_lss_rfg_key_thirdparty.pem
  - vendor/etc/gnss/config/gnss_lss_slp_thirdparty.p12
  - vendor/etc/gnss/config/gnss_suplconfig_hisi.xml
  - vendor/etc/gnss/gnss_lss_thirdparty.conf
  - vendor/etc/gnss/rmd/c/a_1
  - vendor/etc/gnss/rmd/c/aindex.bin
  - vendor/etc/gnss/rmd/e/a_1
  - vendor/etc/gnss/rmd/e/aindex.bin
  - vendor/etc/gnss/rmd/f/a_1
  - vendor/etc/gnss/rmd/f/aindex.bin
  - vendor/etc/gnss/rmd/g/a_1
  - vendor/etc/gnss/rmd/g/aindex.bin
  - vendor/etc/gnss/rmd/t/a_1
  - vendor/etc/gnss/rmd/t/aindex.bin
  - vendor/etc/init/android.hardware.drm@1.1-service.widevine.rc
  - vendor/etc/init/android.hardware.secure_element@1.0-service.hisi.rc
    + Fixed up vendor/etc/init/android.hardware.secure_element@1.0-service.hisi.rc
  - vendor/etc/init/vendor.huawei.hardware.biometrics.fingerprint@2.1-service.rc
  - vendor/etc/init/vendor.huawei.hardware.dolby.dms@1.0-service.rc
  - vendor/etc/init/vendor.huawei.hardware.gnss@1.2-service.rc
  - vendor/etc/init/vendor.huawei.hardware.graphics.mediacomm@2.0-service.rc
  - vendor/etc/init/vendor.huawei.hardware.hisupl@1.0-service.rc
  - vendor/etc/init/vendor.huawei.hardware.iawareperf@1.0-service.rc
  - vendor/etc/init/vendor.huawei.hardware.libteec@2.0-service.rc
  - vendor/etc/init/vendor.huawei.hardware.perfgenius@2.0-service.rc
  - vendor/etc/init/vendor.huawei.hardware.sensors@1.0-service.rc
  - vendor/etc/init/vendor.huawei.hardware.tp@1.0-service.rc
  - vendor/etc/modemConfig/balong/FieldTest.cfg
  - vendor/etc/modemConfig/balong/basic_name
  - vendor/etc/modemConfig/hids_ue_msg.cfg
  - vendor/etc/native_packages.bin
  - vendor/etc/perfgenius_config.xml
  - vendor/etc/perfgenius_event_policy.xml
  - vendor/etc/perfgenius_scenario_policy.xml
  - vendor/firmware/BCM4345C0_003.001.025.0155.0263.hcd
  - vendor/firmware/CPU_RAM_SCHED.bin
  - vendor/firmware/CPU_RAM_WBS.bin
  - vendor/firmware/Total.wdk
  - vendor/firmware/bfgx_and_wifi_cfg
  - vendor/firmware/bfgx_cfg
  - vendor/firmware/cr4_asic.bin
  - vendor/firmware/cr4_regmem.bin
  - vendor/firmware/cr4_regmem_u1.bin
  - vendor/firmware/fw_bcm43455_apsta_hw.bin
  - vendor/firmware/fw_bcm43455_hw.bin
  - vendor/firmware/fw_bcm43455_test_hw_apsta.bin
  - vendor/firmware/hifi_6403.img
  - vendor/firmware/hifi_6403_imedia150_devkit.img
  - vendor/firmware/hifi_6403_imedia150_devkit_hisi.img
  - vendor/firmware/hifi_6403_imedia_devkit.img
  - vendor/firmware/hifi_6403_imedia_devkit_hisi.img
  - vendor/firmware/hifi_6403_smartpa_with_dsp.img
  - vendor/firmware/hifi_6403_smartpa_with_dsp_hisi.img
  - vendor/firmware/hifi_6403_tas.img
  - vendor/firmware/hifi_6403_tas_devkit.img
  - vendor/firmware/hifi_6403_tas_devkit_hisi.img
  - vendor/firmware/hifi_6403_tas_hisi.img
  - vendor/firmware/hifi_6403_tfa.img
  - vendor/firmware/hifi_6403_tfa9874_devkit.img
  - vendor/firmware/hifi_6403_tfa9874_devkit_hisi.img
  - vendor/firmware/hifi_6403_tfa_devkit.img
  - vendor/firmware/hifi_6403_tfa_devkit_hisi.img
  - vendor/firmware/nvram43455_hw.txt
  - vendor/firmware/nvram43455_hw_jsn_l04.txt
  - vendor/firmware/ram_reg_test_cfg
  - vendor/firmware/ts/marie_novatek_MARI71120_120.bin
  - vendor/firmware/ts/marie_novatek_MARI71130_130.bin
  - vendor/firmware/ts/marie_synaptics_tcm_MARI69000.img
  - vendor/firmware/ts/marie_synaptics_tcm_MARI69110.img
  - vendor/firmware/ts/marie_synaptics_tcm_MARI69130.img
  - vendor/firmware/ts/marie_synaptics_tcm_MARI86110.img
  - vendor/firmware/ts/sydi_fts_sydi68080_080.img
  - vendor/firmware/ts/sydi_fts_sydi68100_100.img
  - vendor/firmware/ts/sydi_fts_sydi68110_110.img
  - vendor/firmware/ts/sydi_fts_sydi68130_130.img
  - vendor/firmware/ts/sydi_synaptics_tcm_sydi69110.img
  - vendor/firmware/ts/sydi_synaptics_tcm_sydi69130.img
  - vendor/firmware/ts/sydm_fts_sydm68080_080.img
  - vendor/firmware/ts/sydm_fts_sydm68100_100.img
  - vendor/firmware/ts/sydm_fts_sydm68110_110.img
  - vendor/firmware/ts/sydm_fts_sydm68130_130.img
  - vendor/firmware/ts/sydm_synaptics_tcm_sydm69110.img
  - vendor/firmware/ts/sydm_synaptics_tcm_sydm69130.img
  - vendor/firmware/ts/sydm_synaptics_tcm_sydm86110.img
  - vendor/firmware/wifi_cfg
  - vendor/lib/egl/libGLES_mali.so
  - vendor/lib/ese_hw_hal.so
  - vendor/lib/hw/CameraFactoryService.so
  - vendor/lib/hw/android.hardware.keymaster@3.0-impl-hisi.so
  - vendor/lib/hw/fingerprint.kirin710.so
  - vendor/lib/hw/gatekeeper.kirin710.so
  - vendor/lib/hw/gralloc.kirin710.so
    + Fixed up vendor/lib/hw/gralloc.kirin710.so
  - vendor/lib/hw/hicam.hal.bz.so
  - vendor/lib/hw/hicam.hal.service.so
  - vendor/lib/hw/hw_touch_pressure_cal.default.so
  - vendor/lib/hw/hw_touchscreen.default.so
  - vendor/lib/hw/hwcomposer.kirin710.so
    + Fixed up vendor/lib/hw/hwcomposer.kirin710.so
  - vendor/lib/hw/keystore.kirin710.so
  - vendor/lib/hw/lights.kirin710.so
  - vendor/lib/hw/mediacomm.kirin710.so
  - vendor/lib/hw/memtrack.kirin710.so
  - vendor/lib/hw/sensors.kirin710.so
  - vendor/lib/hw/thermal.kirin710.so
  - vendor/lib/hw/vendor.huawei.hardware.camera.factory@1.0-impl.so
  - vendor/lib/hw/vendor.huawei.hardware.graphics.mediacomm@2.0-impl.so
  - vendor/lib/hw/vendor.huawei.hardware.libteec@2.0-impl.so
  - vendor/lib/hw/vendor.huawei.hardware.perfgenius@2.0-impl.so
  - vendor/lib/hwcam/hwcam.ddt.so
  - vendor/lib/hwcam/hwcam.services.so
  - vendor/lib/libCLCropAndScale.so
  - vendor/lib/libFaceBeautyMeiwo.so
  - vendor/lib/libOpenCL.so
  - vendor/lib/libOpenCLFoundation.so
  - vendor/lib/lib_device_interface.so
  - vendor/lib/lib_factory_interface.so
  - vendor/lib/lib_fpc_tac_shared.so
  - vendor/lib/lib_mmi_interface.so
  - vendor/lib/lib_wifi_sar.so
  - vendor/lib/libbalong-ril-1.so
  - vendor/lib/libbalong-ril.so
  - vendor/lib/libc_sec_hisi_connectivity.so
  - vendor/lib/libc_secshared.so
  - vendor/lib/libcamerabuffer.so
  - vendor/lib/libcommril.so
  - vendor/lib/libconn_factory_test.so
  - vendor/lib/libfaccommon_share.so
  - vendor/lib/libfacedetection.so
  - vendor/lib/libfacsignedapi_share.so
  - vendor/lib/libgnss_lss_gw_thirdparty.so
  - vendor/lib/libgpucommon_vendor_client.so
  - vendor/lib/libhiai_client.so
  - vendor/lib/libhiai_common.so
    + Fixed up vendor/lib/libhiai_common.so
  - vendor/lib/libhiion.so
  - vendor/lib/libhisi_wrapper.so
  - vendor/lib/libhivwservice.so
  - vendor/lib/libhuaweiaudioeffectutil.so
  - vendor/lib/libhuaweicust.so
  - vendor/lib/libiawareperf_client.so
  - vendor/lib/libiawareperf_server.so
  - vendor/lib/libiawareperfpolicy_server.so
  - vendor/lib/libimedia_filters.so
  - vendor/lib/libispenhnc.so
  - vendor/lib/libjtag_wdt_ctrl.so
  - vendor/lib/libkeymaster3_attestation.so
  - vendor/lib/libmediacomm@2.0-client.so
  - vendor/lib/libmorpho_effect_library5.so
  - vendor/lib/libmotiondetect.so
  - vendor/lib/libnvme.so
  - vendor/lib/liboeminfo.so
  - vendor/lib/libperfgenius_vendor_client.so
  - vendor/lib/libperfhub.so
  - vendor/lib/libperfhub_service.so
  - vendor/lib/libpf_customize_hisi.so
  - vendor/lib/libpf_oneimage_hisi.so
  - vendor/lib/libpf_rotate_hisi.so
  - vendor/lib/libscenedetection.so
  - vendor/lib/libstagefrighthw.so
  - vendor/lib/libstorekeybox.so
  - vendor/lib/libteec.so
  - vendor/lib/libteec_eid.so
  - vendor/lib/libteec_vendor.so
  - vendor/lib/soundfx/libhuaweiprocessing.so
  - vendor/lib/soundfx/liboffloadvisualizer.so
  - vendor/lib/vendor.huawei.hardware.ai@1.0.so
  - vendor/lib/vendor.huawei.hardware.ai@1.1.so
  - vendor/lib/vendor.huawei.hardware.ai@1.2.so
  - vendor/lib/vendor.huawei.hardware.biometrics.hwfacerecognize@1.0.so
  - vendor/lib/vendor.huawei.hardware.biometrics.hwfacerecognize@1.1.so
  - vendor/lib/vendor.huawei.hardware.biometrics.hwsecurefacerecognize@1.0.so
  - vendor/lib/vendor.huawei.hardware.camera.camResource.orbService@1.0.so
  - vendor/lib/vendor.huawei.hardware.camera.camResource@1.0.so
  - vendor/lib/vendor.huawei.hardware.camera.camResource@1.1.so
  - vendor/lib/vendor.huawei.hardware.camera.camResource@1.2.so
  - vendor/lib/vendor.huawei.hardware.camera.camResource@1.3.so
  - vendor/lib/vendor.huawei.hardware.camera.cfgsvr@1.0.so
  - vendor/lib/vendor.huawei.hardware.camera.cfgsvr@1.1.so
  - vendor/lib/vendor.huawei.hardware.camera.factory@1.0.so
  - vendor/lib/vendor.huawei.hardware.gnss@1.0.so
  - vendor/lib/vendor.huawei.hardware.gnss@1.1.so
  - vendor/lib/vendor.huawei.hardware.gnss@1.2.so
  - vendor/lib/vendor.huawei.hardware.graphics.displayeffect@1.0.so
  - vendor/lib/vendor.huawei.hardware.graphics.displayeffect@1.1.so
  - vendor/lib/vendor.huawei.hardware.graphics.displayeffect@1.2.so
  - vendor/lib/vendor.huawei.hardware.graphics.gpucommon@1.0.so
  - vendor/lib/vendor.huawei.hardware.graphics.mediacomm@2.0.so
  - vendor/lib/vendor.huawei.hardware.graphics.mediacomm@2.1.so
  - vendor/lib/vendor.huawei.hardware.hisiradio@1.0.so
  - vendor/lib/vendor.huawei.hardware.hisiradio@1.1.so
  - vendor/lib/vendor.huawei.hardware.hisupl@1.0.so
  - vendor/lib/vendor.huawei.hardware.hwfactoryinterface@1.0.so
  - vendor/lib/vendor.huawei.hardware.hwfactoryinterface@1.1.so
  - vendor/lib/vendor.huawei.hardware.hwvibrator@1.0.so
  - vendor/lib/vendor.huawei.hardware.iawareperf@1.0.so
  - vendor/lib/vendor.huawei.hardware.iawareperfpolicy@1.0.so
  - vendor/lib/vendor.huawei.hardware.libteec@2.0.so
  - vendor/lib/vendor.huawei.hardware.radio.chr@1.0.so
  - vendor/lib/vendor.huawei.hardware.radio.deprecated@1.0.so
  - vendor/lib/vendor.huawei.hardware.radio.ims@1.0.so
  - vendor/lib/vendor.huawei.hardware.radio@2.0.so
  - vendor/lib/vendor.huawei.hardware.sensors@1.0.so
  - vendor/lib/vendor.huawei.hardware.tp@1.0.so
  - vendor/lib64/egl/libGLES_mali.so
  - vendor/lib64/ese_hw_hal.so
  - vendor/lib64/hw/CameraFactoryService.so
  - vendor/lib64/hw/android.hardware.keymaster@3.0-impl-hisi.so
  - vendor/lib64/hw/fingerprint.kirin710.so
  - vendor/lib64/hw/gatekeeper.kirin710.so
  - vendor/lib64/hw/gps.hi1102.default.so
  - vendor/lib64/hw/gps.hisi.default.so
  - vendor/lib64/hw/gralloc.kirin710.so
    + Fixed up vendor/lib64/hw/gralloc.kirin710.so
  - vendor/lib64/hw/hicam.hal.bz.so
  - vendor/lib64/hw/hicam.hal.service.so
  - vendor/lib64/hw/hisupl.hi1102.default.so
  - vendor/lib64/hw/hisupl.hisi.default.so
  - vendor/lib64/hw/hw_touch_pressure_cal.default.so
  - vendor/lib64/hw/hw_touchscreen.default.so
  - vendor/lib64/hw/hwcomposer.kirin710.so
    + Fixed up vendor/lib64/hw/hwcomposer.kirin710.so
WARNING: The vendor/lib64/hw/hwcomposer.kirin710.so file was fixed up, but it is pinned.
This is a mistake and you want to either remove the hash completely, or add an extra one.
  - vendor/lib64/hw/keystore.kirin710.so
  - vendor/lib64/hw/lights.kirin710.so
  - vendor/lib64/hw/mediacomm.kirin710.so
  - vendor/lib64/hw/memtrack.kirin710.so
  - vendor/lib64/hw/sensors.kirin710.so
  - vendor/lib64/hw/sound_trigger.primary.default.so
  - vendor/lib64/hw/thermal.kirin710.so
  - vendor/lib64/hw/vendor.huawei.hardware.camera.factory@1.0-impl.so
  - vendor/lib64/hw/vendor.huawei.hardware.gnss@1.2-impl.so
  - vendor/lib64/hw/vendor.huawei.hardware.graphics.mediacomm@2.0-impl.so
  - vendor/lib64/hw/vendor.huawei.hardware.hisupl@1.0-impl.so
  - vendor/lib64/hw/vendor.huawei.hardware.iawareperf@1.0-impl.so
  - vendor/lib64/hw/vendor.huawei.hardware.iawareperfpolicy@1.0-impl.so
  - vendor/lib64/hw/vendor.huawei.hardware.libteec@2.0-impl.so
  - vendor/lib64/hw/vendor.huawei.hardware.perfgenius@2.0-impl.so
  - vendor/lib64/hw/vendor.huawei.hardware.sensors@1.0-impl.so
  - vendor/lib64/hw/vendor.huawei.hardware.tp@1.0-impl.so
  - vendor/lib64/hwcam/hwcam.ddt.so
  - vendor/lib64/hwcam/hwcam.services.so
  - vendor/lib64/libBestShot.so
  - vendor/lib64/libCLCropAndScale.so
  - vendor/lib64/libFaceBeautyMeiwo.so
  - vendor/lib64/libHW_BShutter.so
  - vendor/lib64/libHwDocDetection.so
  - vendor/lib64/libOMX.hisi.media.common.so
  - vendor/lib64/libOMX.hisi.vdec.core.so
  - vendor/lib64/libOMX.hisi.video.decoder.secure.so
  - vendor/lib64/libOMX.hisi.video.decoder.so
  - vendor/lib64/libOMX.hisi.video.encoder.so
  - vendor/lib64/libOMX_Core.so
  - vendor/lib64/libOpenCL.so
  - vendor/lib64/libSmartAE.so
  - vendor/lib64/libVideoDenoise.so
  - vendor/lib64/lib_device_interface.so
  - vendor/lib64/lib_factory_interface.so
  - vendor/lib64/lib_fpc_tac_shared.so
  - vendor/lib64/lib_mmi_interface.so
  - vendor/lib64/lib_wifi_sar.so
  - vendor/lib64/libafehalPOTR691100.so
  - vendor/lib64/libafehalPOTR771100.so
  - vendor/lib64/libafehalPOTR861300.so
  - vendor/lib64/libaftouch.so
  - vendor/lib64/libasd.so
  - vendor/lib64/libaudio_custom.so
  - vendor/lib64/libaudio_custom_v2.so
  - vendor/lib64/libaudio_utils.so
  - vendor/lib64/libaudiodump.so
  - vendor/lib64/libbalong-ril-1.so
  - vendor/lib64/libbalong-ril.so
  - vendor/lib64/libbt-vendor-hisi.so
  - vendor/lib64/libbt-vendor-bcm.so
    + Fixed up vendor/lib64/libbt-vendor-bcm.so
  - vendor/lib64/libc_sec.so
  - vendor/lib64/libc_sec_hisi_connectivity.so
  - vendor/lib64/libc_secshared.so
  - vendor/lib64/libcamera_algo.so
    + Fixed up vendor/lib64/libcamera_algo.so
  - vendor/lib64/libcamera_ivp.so
  - vendor/lib64/libcamerabuffer.so
  - vendor/lib64/libcie.so
  - vendor/lib64/libcommril.so
  - vendor/lib64/libconn_factory_test.so
  - vendor/lib64/libcontrastCal.so
  - vendor/lib64/libdcamera_capture.so
  - vendor/lib64/libdcamera_effect.so
  - vendor/lib64/libdcamera_sr.so
  - vendor/lib64/libdcamera_stream.so
  - vendor/lib64/libdcamera_visual_effect.so
  - vendor/lib64/libfaccommon_share.so
  - vendor/lib64/libfacedetection.so
  - vendor/lib64/libfacsignedapi_share.so
  - vendor/lib64/libfairlight.so
  - vendor/lib64/libfairlight_ai.so
  - vendor/lib64/libfairlight_ipu.so
  - vendor/lib64/libfcamera_visual_effect.so
  - vendor/lib64/libgnss_common_hisi.so
  - vendor/lib64/libgnss_lss_gw_thirdparty.so
  - vendor/lib64/libgnss_supl10client_hisi.so
  - vendor/lib64/libgnss_supl20client_hisi.so
  - vendor/lib64/libgnss_supl20common_hisi.so
  - vendor/lib64/libgnss_supl20if_hisi.so
  - vendor/lib64/libgpucommon_vendor_client.so
  - vendor/lib64/libhdr.so
  - vendor/lib64/libhiai_client.so
  - vendor/lib64/libhiai_common.so
    + Fixed up vendor/lib64/libhiai_common.so
  - vendor/lib64/libhiai_cpu.so
  - vendor/lib64/libhiai_hcs.so
  - vendor/lib64/libhiai_hidl.so
  - vendor/lib64/libhiai_server.so
  - vendor/lib64/libhiion.so
  - vendor/lib64/libhisi_wrapper.so
  - vendor/lib64/libhivwservice.so
  - vendor/lib64/libhorizondetect.so
  - vendor/lib64/libhuaweiaudioeffectutil.so
  - vendor/lib64/libhuaweicust.so
  - vendor/lib64/libiawareperf_client.so
  - vendor/lib64/libiawareperf_server.so
  - vendor/lib64/libiawareperfpolicy_server.so
  - vendor/lib64/libimedia_filters.so
  - vendor/lib64/libispenhnc.so
  - vendor/lib64/libjtag_wdt_ctrl.so
  - vendor/lib64/libkeymaster3_attestation.so
  - vendor/lib64/libmax98925.so
  - vendor/lib64/libmediacomm@2.0-client.so
  - vendor/lib64/libmmpa.so
  - vendor/lib64/libmorpho_effect_library5.so
  - vendor/lib64/libmotiondetect.so
  - vendor/lib64/libmrc_cg_ldc.so
  - vendor/lib64/libmrc_cg_mfdenoise.so
  - vendor/lib64/libmrc_cg_niceFood.so
  - vendor/lib64/libmrc_cg_postprocess.so
  - vendor/lib64/libmrc_cg_sz.so
  - vendor/lib64/libnvme.so
  - vendor/lib64/liboeminfo.so
  - vendor/lib64/libperfgenius_vendor_client.so
  - vendor/lib64/libperfhub.so
  - vendor/lib64/libperfhub_service.so
  - vendor/lib64/libpf_customize_hisi.so
  - vendor/lib64/libpf_oneimage_hisi.so
  - vendor/lib64/libpf_rotate_hisi.so
  - vendor/lib64/librttserver.so
  - vendor/lib64/libscenedetection.so
  - vendor/lib64/libsmartpakit.so
  - vendor/lib64/libstagefrighthw.so
  - vendor/lib64/libstorekeybox.so
  - vendor/lib64/libteec.so
  - vendor/lib64/libteec_eid.so
  - vendor/lib64/libteec_vendor.so
  - vendor/lib64/libtfa9872.so
  - vendor/lib64/libthp.so
  - vendor/lib64/libthpinterface.so
  - vendor/lib64/libthplog.so
  - vendor/lib64/libtsa.so
  - vendor/lib64/soundfx/libhuaweiprocessing.so
  - vendor/lib64/soundfx/liboffloadvisualizer.so
  - vendor/lib64/vendor.huawei.hardware.ai@1.0.so
  - vendor/lib64/vendor.huawei.hardware.ai@1.1.so
  - vendor/lib64/vendor.huawei.hardware.ai@1.2.so
  - vendor/lib64/vendor.huawei.hardware.ai@2.0.so
  - vendor/lib64/vendor.huawei.hardware.biometrics.hwfacerecognize@1.0.so
  - vendor/lib64/vendor.huawei.hardware.biometrics.hwfacerecognize@1.1.so
  - vendor/lib64/vendor.huawei.hardware.biometrics.hwsecurefacerecognize@1.0.so
  - vendor/lib64/vendor.huawei.hardware.camera.camResource.orbService@1.0.so
  - vendor/lib64/vendor.huawei.hardware.camera.camResource@1.0.so
  - vendor/lib64/vendor.huawei.hardware.camera.camResource@1.1.so
  - vendor/lib64/vendor.huawei.hardware.camera.camResource@1.2.so
  - vendor/lib64/vendor.huawei.hardware.camera.camResource@1.3.so
  - vendor/lib64/vendor.huawei.hardware.camera.cfgsvr@1.0.so
  - vendor/lib64/vendor.huawei.hardware.camera.cfgsvr@1.1.so
  - vendor/lib64/vendor.huawei.hardware.camera.factory@1.0.so
  - vendor/lib64/vendor.huawei.hardware.gnss@1.0.so
  - vendor/lib64/vendor.huawei.hardware.gnss@1.1.so
  - vendor/lib64/vendor.huawei.hardware.gnss@1.2.so
  - vendor/lib64/vendor.huawei.hardware.graphics.displayeffect@1.0.so
  - vendor/lib64/vendor.huawei.hardware.graphics.displayeffect@1.1.so
  - vendor/lib64/vendor.huawei.hardware.graphics.displayeffect@1.2.so
  - vendor/lib64/vendor.huawei.hardware.graphics.gpucommon@1.0.so
  - vendor/lib64/vendor.huawei.hardware.graphics.mediacomm@2.0.so
  - vendor/lib64/vendor.huawei.hardware.graphics.mediacomm@2.1.so
  - vendor/lib64/vendor.huawei.hardware.hisiradio@1.0.so
  - vendor/lib64/vendor.huawei.hardware.hisiradio@1.1.so
  - vendor/lib64/vendor.huawei.hardware.hisupl@1.0.so
  - vendor/lib64/vendor.huawei.hardware.hwfactoryinterface@1.0.so
  - vendor/lib64/vendor.huawei.hardware.hwfactoryinterface@1.1.so
  - vendor/lib64/vendor.huawei.hardware.hwvibrator@1.0.so
  - vendor/lib64/vendor.huawei.hardware.iawareperf@1.0.so
  - vendor/lib64/vendor.huawei.hardware.iawareperfpolicy@1.0.so
  - vendor/lib64/vendor.huawei.hardware.libteec@2.0.so
  - vendor/lib64/vendor.huawei.hardware.perfgenius@2.0.so
  - vendor/lib64/vendor.huawei.hardware.radio.chr@1.0.so
  - vendor/lib64/vendor.huawei.hardware.radio.deprecated@1.0.so
  - vendor/lib64/vendor.huawei.hardware.radio.ims@1.0.so
  - vendor/lib64/vendor.huawei.hardware.radio@2.0.so
  - vendor/lib64/vendor.huawei.hardware.rtt@1.0.so
  - vendor/lib64/vendor.huawei.hardware.sensors@1.0.so
  - vendor/lib64/vendor.huawei.hardware.tp@1.0.so
  - vendor/phone.prop
  - vendor/etc/xml/iaware_config_cust.xml
    + Fixed up vendor/etc/xml/iaware_config_cust.xml
  - vendor/lib/libril.so
  - vendor/lib64/hw/audio.primary.kirin710.so
    + Fixed up vendor/lib64/hw/audio.primary.kirin710.so
  - vendor/lib64/libril.so
Cleaning output directory (./../../huawei/kirin710-9-common/../../../vendor/huawei/potter/proprietary)..
Extracting 689 files in ./../../huawei/kirin710-9-common/../potter/proprietary-files.txt from ./dump/:
  - odm/etc/audio/algorithm/algorithm_POT_normal.xml
    + Fixed up odm/etc/audio/algorithm/algorithm_POT_normal.xml
  - odm/etc/audio/asrenhance/parameters_nuance_16k_2EC.bsd
  - odm/etc/audio/asrenhance/parameters_nuance_16k_EC.bsd
  - odm/etc/audio/asrenhance/parameters_nuance_16k_NR.bsd
  - odm/etc/audio/asrenhance/parameters_nuance_16k_NR_vib.bsd
  - odm/etc/audio/audio_cust_templete.xml
  - odm/etc/audio/devicemask/typec_headset_devicemask_POT.xml
    + Fixed up odm/etc/audio/devicemask/typec_headset_devicemask_POT.xml
  - odm/etc/audio/dts/dts_POT_normal.xml
  - odm/etc/audio/hissc/mixer_paths_POT.xml
  - odm/etc/audio/hissc/mixer_volumes_POT_ce.xml
  - odm/etc/audio/hissc/mixer_volumes_POT_cmcciot.xml
  - odm/etc/audio/hissc/mixer_volumes_POT_gcf.xml
  - odm/etc/audio/hissc/mixer_volumes_POT_normal.xml
  - odm/etc/audio/hissc/mixer_volumes_POT_telecomiot.xml
  - odm/etc/audio/hissc/mixer_volumes_POT_unicomiot.xml
  - odm/etc/audio/hissc/pop_seq_POT.xml
  - odm/etc/audio/low_latency/white_list.xml
    + Fixed up odm/etc/audio/low_latency/white_list.xml
  - odm/etc/audio/mbdrc/mbdrc_POT_normal.xml
    + Fixed up odm/etc/audio/mbdrc/mbdrc_POT_normal.xml
  - odm/etc/audio/modem/modem_POT_ce.xml
  - odm/etc/audio/modem/modem_POT_cmcciot.xml
  - odm/etc/audio/modem/modem_POT_gcf.xml
  - odm/etc/audio/modem/modem_POT_normal.xml
  - odm/etc/audio/modem/modem_POT_telecomiot.xml
  - odm/etc/audio/modem/modem_POT_unicomiot.xml
  - odm/etc/audio/sws/sws_3d_POT_normal.cfg
  - odm/etc/audio/sws/sws_POT_normal.xml
  - odm/etc/audio/sws/sws_tws_POT_config.bin
  - odm/etc/audio/sws/sws_tws_POT_normal.cfg
  - odm/etc/audio/tracklogconfig/codectracklog.config
  - odm/etc/audio/tracklogconfig/soctracklog.config
  - odm/etc/audio/version
  - odm/etc/audio/volume/audio_policy_volumes.xml
  - odm/etc/audio/volume/volume_point.xml
  - odm/etc/camera/bshutter/device.config
  - odm/etc/camera/bshutter/flash.txt
  - odm/etc/camera/bshutter/hi1333/algo.xml
    + Fixed up odm/etc/camera/bshutter/hi1333/algo.xml
  - odm/etc/camera/bshutter/hi1333/info.xml
    + Fixed up odm/etc/camera/bshutter/hi1333/info.xml
  - odm/etc/camera/bshutter/imx258/algo.xml
    + Fixed up odm/etc/camera/bshutter/imx258/algo.xml
  - odm/etc/camera/bshutter/imx258/info.xml
    + Fixed up odm/etc/camera/bshutter/imx258/info.xml
  - odm/etc/camera/bshutter/imx576/algo.xml
    + Fixed up odm/etc/camera/bshutter/imx576/algo.xml
  - odm/etc/camera/bshutter/imx576/info.xml
    + Fixed up odm/etc/camera/bshutter/imx576/info.xml
  - odm/etc/camera/bshutter/imx582/algo.xml
    + Fixed up odm/etc/camera/bshutter/imx582/algo.xml
  - odm/etc/camera/bshutter/imx582/info.xml
    + Fixed up odm/etc/camera/bshutter/imx582/info.xml
  - odm/etc/camera/bshutter/ov13855/algo.xml
    + Fixed up odm/etc/camera/bshutter/ov13855/algo.xml
  - odm/etc/camera/bshutter/ov13855/info.xml
    + Fixed up odm/etc/camera/bshutter/ov13855/info.xml
  - odm/etc/camera/bshutter/s5k3l6/algo.xml
    + Fixed up odm/etc/camera/bshutter/s5k3l6/algo.xml
  - odm/etc/camera/bshutter/s5k3l6/info.xml
    + Fixed up odm/etc/camera/bshutter/s5k3l6/info.xml
  - odm/etc/camera/configeffect/digitalzoom/device.config
  - odm/etc/camera/configeffect/digitalzoom/hi1333/raw_dpf.xml
    + Fixed up odm/etc/camera/configeffect/digitalzoom/hi1333/raw_dpf.xml
  - odm/etc/camera/configeffect/digitalzoom/hi1333/sharpen_arsr.xml
    + Fixed up odm/etc/camera/configeffect/digitalzoom/hi1333/sharpen_arsr.xml
  - odm/etc/camera/configeffect/digitalzoom/hi1333/switches.xml
    + Fixed up odm/etc/camera/configeffect/digitalzoom/hi1333/switches.xml
  - odm/etc/camera/configeffect/digitalzoom/hi1333/yuv_dnr.xml
    + Fixed up odm/etc/camera/configeffect/digitalzoom/hi1333/yuv_dnr.xml
  - odm/etc/camera/configeffect/digitalzoom/imx258/raw_dpf.xml
    + Fixed up odm/etc/camera/configeffect/digitalzoom/imx258/raw_dpf.xml
  - odm/etc/camera/configeffect/digitalzoom/imx258/sharpen_arsr.xml
    + Fixed up odm/etc/camera/configeffect/digitalzoom/imx258/sharpen_arsr.xml
  - odm/etc/camera/configeffect/digitalzoom/imx258/switches.xml
    + Fixed up odm/etc/camera/configeffect/digitalzoom/imx258/switches.xml
  - odm/etc/camera/configeffect/digitalzoom/imx258/yuv_dnr.xml
    + Fixed up odm/etc/camera/configeffect/digitalzoom/imx258/yuv_dnr.xml
  - odm/etc/camera/configeffect/digitalzoom/imx576/raw_dpf.xml
    + Fixed up odm/etc/camera/configeffect/digitalzoom/imx576/raw_dpf.xml
  - odm/etc/camera/configeffect/digitalzoom/imx576/sharpen_arsr.xml
    + Fixed up odm/etc/camera/configeffect/digitalzoom/imx576/sharpen_arsr.xml
  - odm/etc/camera/configeffect/digitalzoom/imx576/switches.xml
    + Fixed up odm/etc/camera/configeffect/digitalzoom/imx576/switches.xml
  - odm/etc/camera/configeffect/digitalzoom/imx576/yuv_dnr.xml
    + Fixed up odm/etc/camera/configeffect/digitalzoom/imx576/yuv_dnr.xml
  - odm/etc/camera/configeffect/digitalzoom/imx582/raw_dpf.xml
    + Fixed up odm/etc/camera/configeffect/digitalzoom/imx582/raw_dpf.xml
  - odm/etc/camera/configeffect/digitalzoom/imx582/sharpen_arsr.xml
    + Fixed up odm/etc/camera/configeffect/digitalzoom/imx582/sharpen_arsr.xml
  - odm/etc/camera/configeffect/digitalzoom/imx582/switches.xml
    + Fixed up odm/etc/camera/configeffect/digitalzoom/imx582/switches.xml
  - odm/etc/camera/configeffect/digitalzoom/imx582/yuv_dnr.xml
    + Fixed up odm/etc/camera/configeffect/digitalzoom/imx582/yuv_dnr.xml
  - odm/etc/camera/configeffect/digitalzoom/ov13855/raw_dpf.xml
    + Fixed up odm/etc/camera/configeffect/digitalzoom/ov13855/raw_dpf.xml
  - odm/etc/camera/configeffect/digitalzoom/ov13855/sharpen_arsr.xml
    + Fixed up odm/etc/camera/configeffect/digitalzoom/ov13855/sharpen_arsr.xml
  - odm/etc/camera/configeffect/digitalzoom/ov13855/switches.xml
    + Fixed up odm/etc/camera/configeffect/digitalzoom/ov13855/switches.xml
  - odm/etc/camera/configeffect/digitalzoom/ov13855/yuv_dnr.xml
    + Fixed up odm/etc/camera/configeffect/digitalzoom/ov13855/yuv_dnr.xml
  - odm/etc/camera/configeffect/digitalzoom/s5k3l6/raw_dpf.xml
    + Fixed up odm/etc/camera/configeffect/digitalzoom/s5k3l6/raw_dpf.xml
  - odm/etc/camera/configeffect/digitalzoom/s5k3l6/sharpen_arsr.xml
    + Fixed up odm/etc/camera/configeffect/digitalzoom/s5k3l6/sharpen_arsr.xml
  - odm/etc/camera/configeffect/digitalzoom/s5k3l6/switches.xml
    + Fixed up odm/etc/camera/configeffect/digitalzoom/s5k3l6/switches.xml
  - odm/etc/camera/configeffect/digitalzoom/s5k3l6/yuv_dnr.xml
    + Fixed up odm/etc/camera/configeffect/digitalzoom/s5k3l6/yuv_dnr.xml
  - odm/etc/camera/configeffect/multidenoise/device.config
  - odm/etc/camera/configeffect/multidenoise/hi1333/raw_dpf.xml
    + Fixed up odm/etc/camera/configeffect/multidenoise/hi1333/raw_dpf.xml
  - odm/etc/camera/configeffect/multidenoise/hi1333/sharpen_arsr.xml
    + Fixed up odm/etc/camera/configeffect/multidenoise/hi1333/sharpen_arsr.xml
  - odm/etc/camera/configeffect/multidenoise/hi1333/switches.xml
    + Fixed up odm/etc/camera/configeffect/multidenoise/hi1333/switches.xml
  - odm/etc/camera/configeffect/multidenoise/hi1333/yuv_dnr.xml
    + Fixed up odm/etc/camera/configeffect/multidenoise/hi1333/yuv_dnr.xml
  - odm/etc/camera/configeffect/multidenoise/hi846_front/raw_dpf.xml
    + Fixed up odm/etc/camera/configeffect/multidenoise/hi846_front/raw_dpf.xml
  - odm/etc/camera/configeffect/multidenoise/hi846_front/sharpen_arsr.xml
    + Fixed up odm/etc/camera/configeffect/multidenoise/hi846_front/sharpen_arsr.xml
  - odm/etc/camera/configeffect/multidenoise/hi846_front/switches.xml
    + Fixed up odm/etc/camera/configeffect/multidenoise/hi846_front/switches.xml
  - odm/etc/camera/configeffect/multidenoise/hi846_front/yuv_dnr.xml
    + Fixed up odm/etc/camera/configeffect/multidenoise/hi846_front/yuv_dnr.xml
  - odm/etc/camera/configeffect/multidenoise/imx258/raw_dpf.xml
    + Fixed up odm/etc/camera/configeffect/multidenoise/imx258/raw_dpf.xml
  - odm/etc/camera/configeffect/multidenoise/imx258/sharpen_arsr.xml
    + Fixed up odm/etc/camera/configeffect/multidenoise/imx258/sharpen_arsr.xml
  - odm/etc/camera/configeffect/multidenoise/imx258/switches.xml
    + Fixed up odm/etc/camera/configeffect/multidenoise/imx258/switches.xml
  - odm/etc/camera/configeffect/multidenoise/imx258/yuv_dnr.xml
    + Fixed up odm/etc/camera/configeffect/multidenoise/imx258/yuv_dnr.xml
  - odm/etc/camera/configeffect/multidenoise/imx371_front/raw_dpf.xml
    + Fixed up odm/etc/camera/configeffect/multidenoise/imx371_front/raw_dpf.xml
  - odm/etc/camera/configeffect/multidenoise/imx371_front/sharpen_arsr.xml
    + Fixed up odm/etc/camera/configeffect/multidenoise/imx371_front/sharpen_arsr.xml
  - odm/etc/camera/configeffect/multidenoise/imx371_front/switches.xml
    + Fixed up odm/etc/camera/configeffect/multidenoise/imx371_front/switches.xml
  - odm/etc/camera/configeffect/multidenoise/imx371_front/yuv_dnr.xml
    + Fixed up odm/etc/camera/configeffect/multidenoise/imx371_front/yuv_dnr.xml
  - odm/etc/camera/configeffect/multidenoise/imx576/raw_dpf.xml
    + Fixed up odm/etc/camera/configeffect/multidenoise/imx576/raw_dpf.xml
  - odm/etc/camera/configeffect/multidenoise/imx576/sharpen_arsr.xml
    + Fixed up odm/etc/camera/configeffect/multidenoise/imx576/sharpen_arsr.xml
  - odm/etc/camera/configeffect/multidenoise/imx576/switches.xml
    + Fixed up odm/etc/camera/configeffect/multidenoise/imx576/switches.xml
  - odm/etc/camera/configeffect/multidenoise/imx576/yuv_dnr.xml
    + Fixed up odm/etc/camera/configeffect/multidenoise/imx576/yuv_dnr.xml
  - odm/etc/camera/configeffect/multidenoise/imx576_front/raw_dpf.xml
    + Fixed up odm/etc/camera/configeffect/multidenoise/imx576_front/raw_dpf.xml
  - odm/etc/camera/configeffect/multidenoise/imx576_front/sharpen_arsr.xml
    + Fixed up odm/etc/camera/configeffect/multidenoise/imx576_front/sharpen_arsr.xml
  - odm/etc/camera/configeffect/multidenoise/imx576_front/switches.xml
    + Fixed up odm/etc/camera/configeffect/multidenoise/imx576_front/switches.xml
  - odm/etc/camera/configeffect/multidenoise/imx576_front/yuv_dnr.xml
    + Fixed up odm/etc/camera/configeffect/multidenoise/imx576_front/yuv_dnr.xml
  - odm/etc/camera/configeffect/multidenoise/imx582/raw_dpf.xml
    + Fixed up odm/etc/camera/configeffect/multidenoise/imx582/raw_dpf.xml
  - odm/etc/camera/configeffect/multidenoise/imx582/sharpen_arsr.xml
    + Fixed up odm/etc/camera/configeffect/multidenoise/imx582/sharpen_arsr.xml
  - odm/etc/camera/configeffect/multidenoise/imx582/switches.xml
    + Fixed up odm/etc/camera/configeffect/multidenoise/imx582/switches.xml
  - odm/etc/camera/configeffect/multidenoise/imx582/yuv_dnr.xml
    + Fixed up odm/etc/camera/configeffect/multidenoise/imx582/yuv_dnr.xml
  - odm/etc/camera/configeffect/multidenoise/imx616_front/raw_dpf.xml
    + Fixed up odm/etc/camera/configeffect/multidenoise/imx616_front/raw_dpf.xml
  - odm/etc/camera/configeffect/multidenoise/imx616_front/sharpen_arsr.xml
    + Fixed up odm/etc/camera/configeffect/multidenoise/imx616_front/sharpen_arsr.xml
  - odm/etc/camera/configeffect/multidenoise/imx616_front/switches.xml
    + Fixed up odm/etc/camera/configeffect/multidenoise/imx616_front/switches.xml
  - odm/etc/camera/configeffect/multidenoise/imx616_front/yuv_dnr.xml
    + Fixed up odm/etc/camera/configeffect/multidenoise/imx616_front/yuv_dnr.xml
  - odm/etc/camera/configeffect/multidenoise/ov13855/raw_dpf.xml
    + Fixed up odm/etc/camera/configeffect/multidenoise/ov13855/raw_dpf.xml
  - odm/etc/camera/configeffect/multidenoise/ov13855/sharpen_arsr.xml
    + Fixed up odm/etc/camera/configeffect/multidenoise/ov13855/sharpen_arsr.xml
  - odm/etc/camera/configeffect/multidenoise/ov13855/switches.xml
    + Fixed up odm/etc/camera/configeffect/multidenoise/ov13855/switches.xml
  - odm/etc/camera/configeffect/multidenoise/ov13855/yuv_dnr.xml
    + Fixed up odm/etc/camera/configeffect/multidenoise/ov13855/yuv_dnr.xml
  - odm/etc/camera/configeffect/multidenoise/ov16885_front/raw_dpf.xml
    + Fixed up odm/etc/camera/configeffect/multidenoise/ov16885_front/raw_dpf.xml
  - odm/etc/camera/configeffect/multidenoise/ov16885_front/sharpen_arsr.xml
    + Fixed up odm/etc/camera/configeffect/multidenoise/ov16885_front/sharpen_arsr.xml
  - odm/etc/camera/configeffect/multidenoise/ov16885_front/switches.xml
    + Fixed up odm/etc/camera/configeffect/multidenoise/ov16885_front/switches.xml
  - odm/etc/camera/configeffect/multidenoise/ov16885_front/yuv_dnr.xml
    + Fixed up odm/etc/camera/configeffect/multidenoise/ov16885_front/yuv_dnr.xml
  - odm/etc/camera/configeffect/multidenoise/s5k3l6/raw_dpf.xml
    + Fixed up odm/etc/camera/configeffect/multidenoise/s5k3l6/raw_dpf.xml
  - odm/etc/camera/configeffect/multidenoise/s5k3l6/sharpen_arsr.xml
    + Fixed up odm/etc/camera/configeffect/multidenoise/s5k3l6/sharpen_arsr.xml
  - odm/etc/camera/configeffect/multidenoise/s5k3l6/switches.xml
    + Fixed up odm/etc/camera/configeffect/multidenoise/s5k3l6/switches.xml
  - odm/etc/camera/configeffect/multidenoise/s5k3l6/yuv_dnr.xml
    + Fixed up odm/etc/camera/configeffect/multidenoise/s5k3l6/yuv_dnr.xml
  - odm/etc/camera/configeffect/multidenoise/s5k3p8_front/raw_dpf.xml
    + Fixed up odm/etc/camera/configeffect/multidenoise/s5k3p8_front/raw_dpf.xml
  - odm/etc/camera/configeffect/multidenoise/s5k3p8_front/sharpen_arsr.xml
    + Fixed up odm/etc/camera/configeffect/multidenoise/s5k3p8_front/sharpen_arsr.xml
  - odm/etc/camera/configeffect/multidenoise/s5k3p8_front/switches.xml
    + Fixed up odm/etc/camera/configeffect/multidenoise/s5k3p8_front/switches.xml
  - odm/etc/camera/configeffect/multidenoise/s5k3p8_front/yuv_dnr.xml
    + Fixed up odm/etc/camera/configeffect/multidenoise/s5k3p8_front/yuv_dnr.xml
  - odm/etc/camera/configeffect/multidenoise/s5k4h7_front/raw_dpf.xml
    + Fixed up odm/etc/camera/configeffect/multidenoise/s5k4h7_front/raw_dpf.xml
  - odm/etc/camera/configeffect/multidenoise/s5k4h7_front/sharpen_arsr.xml
    + Fixed up odm/etc/camera/configeffect/multidenoise/s5k4h7_front/sharpen_arsr.xml
  - odm/etc/camera/configeffect/multidenoise/s5k4h7_front/switches.xml
    + Fixed up odm/etc/camera/configeffect/multidenoise/s5k4h7_front/switches.xml
  - odm/etc/camera/configeffect/multidenoise/s5k4h7_front/yuv_dnr.xml
    + Fixed up odm/etc/camera/configeffect/multidenoise/s5k4h7_front/yuv_dnr.xml
  - odm/etc/camera/configeffect/multidenoise/s5kgd1sp_front/raw_dpf.xml
    + Fixed up odm/etc/camera/configeffect/multidenoise/s5kgd1sp_front/raw_dpf.xml
  - odm/etc/camera/configeffect/multidenoise/s5kgd1sp_front/sharpen_arsr.xml
    + Fixed up odm/etc/camera/configeffect/multidenoise/s5kgd1sp_front/sharpen_arsr.xml
  - odm/etc/camera/configeffect/multidenoise/s5kgd1sp_front/switches.xml
    + Fixed up odm/etc/camera/configeffect/multidenoise/s5kgd1sp_front/switches.xml
  - odm/etc/camera/configeffect/multidenoise/s5kgd1sp_front/yuv_dnr.xml
    + Fixed up odm/etc/camera/configeffect/multidenoise/s5kgd1sp_front/yuv_dnr.xml
  - odm/etc/camera/configeffect/quadra/default/raw_dpf.xml
    + Fixed up odm/etc/camera/configeffect/quadra/default/raw_dpf.xml
  - odm/etc/camera/configeffect/quadra/default/sharpen_arsr.xml
    + Fixed up odm/etc/camera/configeffect/quadra/default/sharpen_arsr.xml
  - odm/etc/camera/configeffect/quadra/default/switches.xml
    + Fixed up odm/etc/camera/configeffect/quadra/default/switches.xml
  - odm/etc/camera/configeffect/quadra/default/yuv_dnr.xml
    + Fixed up odm/etc/camera/configeffect/quadra/default/yuv_dnr.xml
  - odm/etc/camera/configeffect/quadra/device.config
  - odm/etc/camera/configeffect/quadra/imx371_front/raw_dpf.xml
    + Fixed up odm/etc/camera/configeffect/quadra/imx371_front/raw_dpf.xml
  - odm/etc/camera/configeffect/quadra/imx371_front/sharpen_arsr.xml
    + Fixed up odm/etc/camera/configeffect/quadra/imx371_front/sharpen_arsr.xml
  - odm/etc/camera/configeffect/quadra/imx371_front/switches.xml
    + Fixed up odm/etc/camera/configeffect/quadra/imx371_front/switches.xml
  - odm/etc/camera/configeffect/quadra/imx371_front/yuv_dnr.xml
    + Fixed up odm/etc/camera/configeffect/quadra/imx371_front/yuv_dnr.xml
  - odm/etc/camera/configeffect/quadra/imx576/raw_dpf.xml
    + Fixed up odm/etc/camera/configeffect/quadra/imx576/raw_dpf.xml
  - odm/etc/camera/configeffect/quadra/imx576/sharpen_arsr.xml
    + Fixed up odm/etc/camera/configeffect/quadra/imx576/sharpen_arsr.xml
  - odm/etc/camera/configeffect/quadra/imx576/switches.xml
    + Fixed up odm/etc/camera/configeffect/quadra/imx576/switches.xml
  - odm/etc/camera/configeffect/quadra/imx576/yuv_dnr.xml
    + Fixed up odm/etc/camera/configeffect/quadra/imx576/yuv_dnr.xml
  - odm/etc/camera/configeffect/quadra/imx576_front/raw_dpf.xml
    + Fixed up odm/etc/camera/configeffect/quadra/imx576_front/raw_dpf.xml
  - odm/etc/camera/configeffect/quadra/imx576_front/sharpen_arsr.xml
    + Fixed up odm/etc/camera/configeffect/quadra/imx576_front/sharpen_arsr.xml
  - odm/etc/camera/configeffect/quadra/imx576_front/switches.xml
    + Fixed up odm/etc/camera/configeffect/quadra/imx576_front/switches.xml
  - odm/etc/camera/configeffect/quadra/imx576_front/yuv_dnr.xml
    + Fixed up odm/etc/camera/configeffect/quadra/imx576_front/yuv_dnr.xml
  - odm/etc/camera/configeffect/quadra/imx582/raw_dpf.xml
    + Fixed up odm/etc/camera/configeffect/quadra/imx582/raw_dpf.xml
  - odm/etc/camera/configeffect/quadra/imx582/sharpen_arsr.xml
    + Fixed up odm/etc/camera/configeffect/quadra/imx582/sharpen_arsr.xml
  - odm/etc/camera/configeffect/quadra/imx582/switches.xml
    + Fixed up odm/etc/camera/configeffect/quadra/imx582/switches.xml
  - odm/etc/camera/configeffect/quadra/imx582/yuv_dnr.xml
    + Fixed up odm/etc/camera/configeffect/quadra/imx582/yuv_dnr.xml
  - odm/etc/camera/configeffect/quadra/imx616_front/raw_dpf.xml
    + Fixed up odm/etc/camera/configeffect/quadra/imx616_front/raw_dpf.xml
  - odm/etc/camera/configeffect/quadra/imx616_front/sharpen_arsr.xml
    + Fixed up odm/etc/camera/configeffect/quadra/imx616_front/sharpen_arsr.xml
  - odm/etc/camera/configeffect/quadra/imx616_front/switches.xml
    + Fixed up odm/etc/camera/configeffect/quadra/imx616_front/switches.xml
  - odm/etc/camera/configeffect/quadra/imx616_front/yuv_dnr.xml
    + Fixed up odm/etc/camera/configeffect/quadra/imx616_front/yuv_dnr.xml
  - odm/etc/camera/configeffect/quadra/ov16885_front/raw_dpf.xml
    + Fixed up odm/etc/camera/configeffect/quadra/ov16885_front/raw_dpf.xml
  - odm/etc/camera/configeffect/quadra/ov16885_front/sharpen_arsr.xml
    + Fixed up odm/etc/camera/configeffect/quadra/ov16885_front/sharpen_arsr.xml
  - odm/etc/camera/configeffect/quadra/ov16885_front/switches.xml
    + Fixed up odm/etc/camera/configeffect/quadra/ov16885_front/switches.xml
  - odm/etc/camera/configeffect/quadra/ov16885_front/yuv_dnr.xml
    + Fixed up odm/etc/camera/configeffect/quadra/ov16885_front/yuv_dnr.xml
  - odm/etc/camera/configeffect/quadra/s5k3p8_front/raw_dpf.xml
    + Fixed up odm/etc/camera/configeffect/quadra/s5k3p8_front/raw_dpf.xml
  - odm/etc/camera/configeffect/quadra/s5k3p8_front/sharpen_arsr.xml
    + Fixed up odm/etc/camera/configeffect/quadra/s5k3p8_front/sharpen_arsr.xml
  - odm/etc/camera/configeffect/quadra/s5k3p8_front/switches.xml
    + Fixed up odm/etc/camera/configeffect/quadra/s5k3p8_front/switches.xml
  - odm/etc/camera/configeffect/quadra/s5k3p8_front/yuv_dnr.xml
    + Fixed up odm/etc/camera/configeffect/quadra/s5k3p8_front/yuv_dnr.xml
  - odm/etc/camera/configeffect/quadra/s5kgd1sp_front/raw_dpf.xml
    + Fixed up odm/etc/camera/configeffect/quadra/s5kgd1sp_front/raw_dpf.xml
  - odm/etc/camera/configeffect/quadra/s5kgd1sp_front/sharpen_arsr.xml
    + Fixed up odm/etc/camera/configeffect/quadra/s5kgd1sp_front/sharpen_arsr.xml
  - odm/etc/camera/configeffect/quadra/s5kgd1sp_front/switches.xml
    + Fixed up odm/etc/camera/configeffect/quadra/s5kgd1sp_front/switches.xml
  - odm/etc/camera/configeffect/quadra/s5kgd1sp_front/yuv_dnr.xml
    + Fixed up odm/etc/camera/configeffect/quadra/s5kgd1sp_front/yuv_dnr.xml
  - odm/etc/camera/davinci/device.config
  - odm/etc/camera/davinci/hi1333/bshutter/imgproc.xml
    + Fixed up odm/etc/camera/davinci/hi1333/bshutter/imgproc.xml
  - odm/etc/camera/davinci/hi1333/dcsr2.xml
    + Fixed up odm/etc/camera/davinci/hi1333/dcsr2.xml
  - odm/etc/camera/davinci/hi1333/dcsr_kernel2
  - odm/etc/camera/davinci/hi1333/dhdr_ivp.xml
    + Fixed up odm/etc/camera/davinci/hi1333/dhdr_ivp.xml
  - odm/etc/camera/davinci/hi1333/hwnie.xml
    + Fixed up odm/etc/camera/davinci/hi1333/hwnie.xml
  - odm/etc/camera/davinci/hi1333/imgproc.xml
    + Fixed up odm/etc/camera/davinci/hi1333/imgproc.xml
  - odm/etc/camera/davinci/hi1333/ivp_hdr2.xml
    + Fixed up odm/etc/camera/davinci/hi1333/ivp_hdr2.xml
  - odm/etc/camera/davinci/hi1333/mddavinci/imgproc.xml
    + Fixed up odm/etc/camera/davinci/hi1333/mddavinci/imgproc.xml
  - odm/etc/camera/davinci/hi1333/multiframe.xml
    + Fixed up odm/etc/camera/davinci/hi1333/multiframe.xml
  - odm/etc/camera/davinci/hi1333/nicefood/imgproc.xml
    + Fixed up odm/etc/camera/davinci/hi1333/nicefood/imgproc.xml
  - odm/etc/camera/davinci/hi1333/scene_t42e.dat
  - odm/etc/camera/davinci/hi1333/smartcapture/imgproc.xml
    + Fixed up odm/etc/camera/davinci/hi1333/smartcapture/imgproc.xml
  - odm/etc/camera/davinci/hi846_front/dcsr2.xml
    + Fixed up odm/etc/camera/davinci/hi846_front/dcsr2.xml
  - odm/etc/camera/davinci/hi846_front/dcsr_kernel2
  - odm/etc/camera/davinci/hi846_front/dhdr_ivp.xml
    + Fixed up odm/etc/camera/davinci/hi846_front/dhdr_ivp.xml
  - odm/etc/camera/davinci/hi846_front/hwnie.xml
    + Fixed up odm/etc/camera/davinci/hi846_front/hwnie.xml
  - odm/etc/camera/davinci/hi846_front/imgproc.xml
    + Fixed up odm/etc/camera/davinci/hi846_front/imgproc.xml
  - odm/etc/camera/davinci/hi846_front/ivp_hdr2.xml
    + Fixed up odm/etc/camera/davinci/hi846_front/ivp_hdr2.xml
  - odm/etc/camera/davinci/hi846_front/mddavinci/imgproc.xml
    + Fixed up odm/etc/camera/davinci/hi846_front/mddavinci/imgproc.xml
  - odm/etc/camera/davinci/hi846_front/multiframe.xml
    + Fixed up odm/etc/camera/davinci/hi846_front/multiframe.xml
  - odm/etc/camera/davinci/hi846_front/nicefood/imgproc.xml
    + Fixed up odm/etc/camera/davinci/hi846_front/nicefood/imgproc.xml
  - odm/etc/camera/davinci/hi846_front/scene_t42e.dat
  - odm/etc/camera/davinci/hi846_front/smartcapture/imgproc.xml
    + Fixed up odm/etc/camera/davinci/hi846_front/smartcapture/imgproc.xml
  - odm/etc/camera/davinci/imx258/bshutter/imgproc.xml
    + Fixed up odm/etc/camera/davinci/imx258/bshutter/imgproc.xml
  - odm/etc/camera/davinci/imx258/dcsr2.xml
    + Fixed up odm/etc/camera/davinci/imx258/dcsr2.xml
  - odm/etc/camera/davinci/imx258/dcsr_kernel2
  - odm/etc/camera/davinci/imx258/dhdr_ivp.xml
    + Fixed up odm/etc/camera/davinci/imx258/dhdr_ivp.xml
  - odm/etc/camera/davinci/imx258/hwnie.xml
    + Fixed up odm/etc/camera/davinci/imx258/hwnie.xml
  - odm/etc/camera/davinci/imx258/imgproc.xml
    + Fixed up odm/etc/camera/davinci/imx258/imgproc.xml
  - odm/etc/camera/davinci/imx258/ivp_hdr2.xml
    + Fixed up odm/etc/camera/davinci/imx258/ivp_hdr2.xml
  - odm/etc/camera/davinci/imx258/mddavinci/imgproc.xml
    + Fixed up odm/etc/camera/davinci/imx258/mddavinci/imgproc.xml
  - odm/etc/camera/davinci/imx258/multiframe.xml
    + Fixed up odm/etc/camera/davinci/imx258/multiframe.xml
  - odm/etc/camera/davinci/imx258/nicefood/imgproc.xml
    + Fixed up odm/etc/camera/davinci/imx258/nicefood/imgproc.xml
  - odm/etc/camera/davinci/imx258/scene_t42e.dat
  - odm/etc/camera/davinci/imx258/smartcapture/imgproc.xml
    + Fixed up odm/etc/camera/davinci/imx258/smartcapture/imgproc.xml
  - odm/etc/camera/davinci/imx371_front/dcsr2.xml
    + Fixed up odm/etc/camera/davinci/imx371_front/dcsr2.xml
  - odm/etc/camera/davinci/imx371_front/dcsr_kernel2
  - odm/etc/camera/davinci/imx371_front/dhdr_ivp.xml
    + Fixed up odm/etc/camera/davinci/imx371_front/dhdr_ivp.xml
  - odm/etc/camera/davinci/imx371_front/hwnie.xml
    + Fixed up odm/etc/camera/davinci/imx371_front/hwnie.xml
  - odm/etc/camera/davinci/imx371_front/imgproc.xml
    + Fixed up odm/etc/camera/davinci/imx371_front/imgproc.xml
  - odm/etc/camera/davinci/imx371_front/ivp_hdr2.xml
    + Fixed up odm/etc/camera/davinci/imx371_front/ivp_hdr2.xml
  - odm/etc/camera/davinci/imx371_front/mddavinci/imgproc.xml
    + Fixed up odm/etc/camera/davinci/imx371_front/mddavinci/imgproc.xml
  - odm/etc/camera/davinci/imx371_front/multiframe.xml
    + Fixed up odm/etc/camera/davinci/imx371_front/multiframe.xml
  - odm/etc/camera/davinci/imx371_front/nicefood/imgproc.xml
    + Fixed up odm/etc/camera/davinci/imx371_front/nicefood/imgproc.xml
  - odm/etc/camera/davinci/imx371_front/scene_t42e.dat
  - odm/etc/camera/davinci/imx371_front/smartcapture/imgproc.xml
    + Fixed up odm/etc/camera/davinci/imx371_front/smartcapture/imgproc.xml
  - odm/etc/camera/davinci/imx576/bshutter/imgproc.xml
    + Fixed up odm/etc/camera/davinci/imx576/bshutter/imgproc.xml
  - odm/etc/camera/davinci/imx576/dcsr2.xml
    + Fixed up odm/etc/camera/davinci/imx576/dcsr2.xml
  - odm/etc/camera/davinci/imx576/dcsr_kernel2
  - odm/etc/camera/davinci/imx576/dhdr_ivp.xml
    + Fixed up odm/etc/camera/davinci/imx576/dhdr_ivp.xml
  - odm/etc/camera/davinci/imx576/hwnie.xml
    + Fixed up odm/etc/camera/davinci/imx576/hwnie.xml
  - odm/etc/camera/davinci/imx576/imgproc.xml
    + Fixed up odm/etc/camera/davinci/imx576/imgproc.xml
  - odm/etc/camera/davinci/imx576/ivp_hdr2.xml
    + Fixed up odm/etc/camera/davinci/imx576/ivp_hdr2.xml
  - odm/etc/camera/davinci/imx576/mddavinci/imgproc.xml
    + Fixed up odm/etc/camera/davinci/imx576/mddavinci/imgproc.xml
  - odm/etc/camera/davinci/imx576/multiframe.xml
    + Fixed up odm/etc/camera/davinci/imx576/multiframe.xml
  - odm/etc/camera/davinci/imx576/nicefood/imgproc.xml
    + Fixed up odm/etc/camera/davinci/imx576/nicefood/imgproc.xml
  - odm/etc/camera/davinci/imx576/scene_t42e.dat
  - odm/etc/camera/davinci/imx576/smartcapture/imgproc.xml
    + Fixed up odm/etc/camera/davinci/imx576/smartcapture/imgproc.xml
  - odm/etc/camera/davinci/imx576_front/dcsr2.xml
    + Fixed up odm/etc/camera/davinci/imx576_front/dcsr2.xml
  - odm/etc/camera/davinci/imx576_front/dcsr_kernel2
  - odm/etc/camera/davinci/imx576_front/dhdr_ivp.xml
    + Fixed up odm/etc/camera/davinci/imx576_front/dhdr_ivp.xml
  - odm/etc/camera/davinci/imx576_front/hwnie.xml
    + Fixed up odm/etc/camera/davinci/imx576_front/hwnie.xml
  - odm/etc/camera/davinci/imx576_front/imgproc.xml
    + Fixed up odm/etc/camera/davinci/imx576_front/imgproc.xml
  - odm/etc/camera/davinci/imx576_front/ivp_hdr2.xml
    + Fixed up odm/etc/camera/davinci/imx576_front/ivp_hdr2.xml
  - odm/etc/camera/davinci/imx576_front/mddavinci/imgproc.xml
    + Fixed up odm/etc/camera/davinci/imx576_front/mddavinci/imgproc.xml
  - odm/etc/camera/davinci/imx576_front/multiframe.xml
    + Fixed up odm/etc/camera/davinci/imx576_front/multiframe.xml
  - odm/etc/camera/davinci/imx576_front/nicefood/imgproc.xml
    + Fixed up odm/etc/camera/davinci/imx576_front/nicefood/imgproc.xml
  - odm/etc/camera/davinci/imx576_front/quadra/imgproc.xml
    + Fixed up odm/etc/camera/davinci/imx576_front/quadra/imgproc.xml
  - odm/etc/camera/davinci/imx576_front/scene_t42e.dat
  - odm/etc/camera/davinci/imx576_front/smartcapture/imgproc.xml
    + Fixed up odm/etc/camera/davinci/imx576_front/smartcapture/imgproc.xml
  - odm/etc/camera/davinci/imx582/bshutter/imgproc.xml
    + Fixed up odm/etc/camera/davinci/imx582/bshutter/imgproc.xml
  - odm/etc/camera/davinci/imx582/dhdr_ivp.xml
    + Fixed up odm/etc/camera/davinci/imx582/dhdr_ivp.xml
  - odm/etc/camera/davinci/imx582/hdr.xml
    + Fixed up odm/etc/camera/davinci/imx582/hdr.xml
  - odm/etc/camera/davinci/imx582/hwnie.xml
    + Fixed up odm/etc/camera/davinci/imx582/hwnie.xml
  - odm/etc/camera/davinci/imx582/imgproc.xml
    + Fixed up odm/etc/camera/davinci/imx582/imgproc.xml
  - odm/etc/camera/davinci/imx582/ivp_hdr2.xml
    + Fixed up odm/etc/camera/davinci/imx582/ivp_hdr2.xml
  - odm/etc/camera/davinci/imx582/mddavinci/imgproc.xml
    + Fixed up odm/etc/camera/davinci/imx582/mddavinci/imgproc.xml
  - odm/etc/camera/davinci/imx582/multiframe.xml
    + Fixed up odm/etc/camera/davinci/imx582/multiframe.xml
  - odm/etc/camera/davinci/imx582/nicefood/imgproc.xml
    + Fixed up odm/etc/camera/davinci/imx582/nicefood/imgproc.xml
  - odm/etc/camera/davinci/imx582/quadra/imgproc.xml
    + Fixed up odm/etc/camera/davinci/imx582/quadra/imgproc.xml
  - odm/etc/camera/davinci/imx582/smartcapture/imgproc.xml
    + Fixed up odm/etc/camera/davinci/imx582/smartcapture/imgproc.xml
  - odm/etc/camera/davinci/imx616_front/dcsr2.xml
    + Fixed up odm/etc/camera/davinci/imx616_front/dcsr2.xml
  - odm/etc/camera/davinci/imx616_front/dcsr_kernel2
  - odm/etc/camera/davinci/imx616_front/dhdr_ivp.xml
    + Fixed up odm/etc/camera/davinci/imx616_front/dhdr_ivp.xml
  - odm/etc/camera/davinci/imx616_front/hwnie.xml
    + Fixed up odm/etc/camera/davinci/imx616_front/hwnie.xml
  - odm/etc/camera/davinci/imx616_front/imgproc.xml
    + Fixed up odm/etc/camera/davinci/imx616_front/imgproc.xml
  - odm/etc/camera/davinci/imx616_front/ivp_hdr2.xml
    + Fixed up odm/etc/camera/davinci/imx616_front/ivp_hdr2.xml
  - odm/etc/camera/davinci/imx616_front/mddavinci/imgproc.xml
    + Fixed up odm/etc/camera/davinci/imx616_front/mddavinci/imgproc.xml
  - odm/etc/camera/davinci/imx616_front/multiframe.xml
    + Fixed up odm/etc/camera/davinci/imx616_front/multiframe.xml
  - odm/etc/camera/davinci/imx616_front/nicefood/imgproc.xml
    + Fixed up odm/etc/camera/davinci/imx616_front/nicefood/imgproc.xml
  - odm/etc/camera/davinci/imx616_front/quadra/imgproc.xml
    + Fixed up odm/etc/camera/davinci/imx616_front/quadra/imgproc.xml
  - odm/etc/camera/davinci/imx616_front/smartcapture/imgproc.xml
    + Fixed up odm/etc/camera/davinci/imx616_front/smartcapture/imgproc.xml
  - odm/etc/camera/davinci/ov13855/bshutter/imgproc.xml
    + Fixed up odm/etc/camera/davinci/ov13855/bshutter/imgproc.xml
  - odm/etc/camera/davinci/ov13855/dcsr2.xml
    + Fixed up odm/etc/camera/davinci/ov13855/dcsr2.xml
  - odm/etc/camera/davinci/ov13855/dcsr_kernel2
  - odm/etc/camera/davinci/ov13855/dhdr_ivp.xml
    + Fixed up odm/etc/camera/davinci/ov13855/dhdr_ivp.xml
  - odm/etc/camera/davinci/ov13855/hwnie.xml
    + Fixed up odm/etc/camera/davinci/ov13855/hwnie.xml
  - odm/etc/camera/davinci/ov13855/imgproc.xml
    + Fixed up odm/etc/camera/davinci/ov13855/imgproc.xml
  - odm/etc/camera/davinci/ov13855/ivp_hdr2.xml
    + Fixed up odm/etc/camera/davinci/ov13855/ivp_hdr2.xml
  - odm/etc/camera/davinci/ov13855/mddavinci/imgproc.xml
    + Fixed up odm/etc/camera/davinci/ov13855/mddavinci/imgproc.xml
  - odm/etc/camera/davinci/ov13855/multiframe.xml
    + Fixed up odm/etc/camera/davinci/ov13855/multiframe.xml
  - odm/etc/camera/davinci/ov13855/nicefood/imgproc.xml
    + Fixed up odm/etc/camera/davinci/ov13855/nicefood/imgproc.xml
  - odm/etc/camera/davinci/ov13855/scene_t42e.dat
  - odm/etc/camera/davinci/ov13855/smartcapture/imgproc.xml
    + Fixed up odm/etc/camera/davinci/ov13855/smartcapture/imgproc.xml
  - odm/etc/camera/davinci/ov16885_front/dcsr2.xml
    + Fixed up odm/etc/camera/davinci/ov16885_front/dcsr2.xml
  - odm/etc/camera/davinci/ov16885_front/dcsr_kernel2
  - odm/etc/camera/davinci/ov16885_front/dhdr_ivp.xml
    + Fixed up odm/etc/camera/davinci/ov16885_front/dhdr_ivp.xml
  - odm/etc/camera/davinci/ov16885_front/hwnie.xml
    + Fixed up odm/etc/camera/davinci/ov16885_front/hwnie.xml
  - odm/etc/camera/davinci/ov16885_front/imgproc.xml
    + Fixed up odm/etc/camera/davinci/ov16885_front/imgproc.xml
  - odm/etc/camera/davinci/ov16885_front/ivp_hdr2.xml
    + Fixed up odm/etc/camera/davinci/ov16885_front/ivp_hdr2.xml
  - odm/etc/camera/davinci/ov16885_front/mddavinci/imgproc.xml
    + Fixed up odm/etc/camera/davinci/ov16885_front/mddavinci/imgproc.xml
  - odm/etc/camera/davinci/ov16885_front/multiframe.xml
    + Fixed up odm/etc/camera/davinci/ov16885_front/multiframe.xml
  - odm/etc/camera/davinci/ov16885_front/nicefood/imgproc.xml
    + Fixed up odm/etc/camera/davinci/ov16885_front/nicefood/imgproc.xml
  - odm/etc/camera/davinci/ov16885_front/scene_t42e.dat
  - odm/etc/camera/davinci/ov16885_front/smartcapture/imgproc.xml
    + Fixed up odm/etc/camera/davinci/ov16885_front/smartcapture/imgproc.xml
  - odm/etc/camera/davinci/s5k3l6/bshutter/imgproc.xml
    + Fixed up odm/etc/camera/davinci/s5k3l6/bshutter/imgproc.xml
  - odm/etc/camera/davinci/s5k3l6/dcsr2.xml
    + Fixed up odm/etc/camera/davinci/s5k3l6/dcsr2.xml
  - odm/etc/camera/davinci/s5k3l6/dcsr_kernel2
  - odm/etc/camera/davinci/s5k3l6/dhdr_ivp.xml
    + Fixed up odm/etc/camera/davinci/s5k3l6/dhdr_ivp.xml
  - odm/etc/camera/davinci/s5k3l6/hwnie.xml
    + Fixed up odm/etc/camera/davinci/s5k3l6/hwnie.xml
  - odm/etc/camera/davinci/s5k3l6/imgproc.xml
    + Fixed up odm/etc/camera/davinci/s5k3l6/imgproc.xml
  - odm/etc/camera/davinci/s5k3l6/ivp_hdr2.xml
    + Fixed up odm/etc/camera/davinci/s5k3l6/ivp_hdr2.xml
  - odm/etc/camera/davinci/s5k3l6/mddavinci/imgproc.xml
    + Fixed up odm/etc/camera/davinci/s5k3l6/mddavinci/imgproc.xml
  - odm/etc/camera/davinci/s5k3l6/multiframe.xml
    + Fixed up odm/etc/camera/davinci/s5k3l6/multiframe.xml
  - odm/etc/camera/davinci/s5k3l6/nicefood/imgproc.xml
    + Fixed up odm/etc/camera/davinci/s5k3l6/nicefood/imgproc.xml
  - odm/etc/camera/davinci/s5k3l6/scene_t42e.dat
  - odm/etc/camera/davinci/s5k3l6/smartcapture/imgproc.xml
    + Fixed up odm/etc/camera/davinci/s5k3l6/smartcapture/imgproc.xml
  - odm/etc/camera/davinci/s5k3p8_front/dcsr2.xml
    + Fixed up odm/etc/camera/davinci/s5k3p8_front/dcsr2.xml
  - odm/etc/camera/davinci/s5k3p8_front/dcsr_kernel2
  - odm/etc/camera/davinci/s5k3p8_front/dhdr_ivp.xml
    + Fixed up odm/etc/camera/davinci/s5k3p8_front/dhdr_ivp.xml
  - odm/etc/camera/davinci/s5k3p8_front/hwnie.xml
    + Fixed up odm/etc/camera/davinci/s5k3p8_front/hwnie.xml
  - odm/etc/camera/davinci/s5k3p8_front/imgproc.xml
    + Fixed up odm/etc/camera/davinci/s5k3p8_front/imgproc.xml
  - odm/etc/camera/davinci/s5k3p8_front/ivp_hdr2.xml
    + Fixed up odm/etc/camera/davinci/s5k3p8_front/ivp_hdr2.xml
  - odm/etc/camera/davinci/s5k3p8_front/mddavinci/imgproc.xml
    + Fixed up odm/etc/camera/davinci/s5k3p8_front/mddavinci/imgproc.xml
  - odm/etc/camera/davinci/s5k3p8_front/multiframe.xml
    + Fixed up odm/etc/camera/davinci/s5k3p8_front/multiframe.xml
  - odm/etc/camera/davinci/s5k3p8_front/nicefood/imgproc.xml
    + Fixed up odm/etc/camera/davinci/s5k3p8_front/nicefood/imgproc.xml
  - odm/etc/camera/davinci/s5k3p8_front/scene_t42e.dat
  - odm/etc/camera/davinci/s5k3p8_front/smartcapture/imgproc.xml
    + Fixed up odm/etc/camera/davinci/s5k3p8_front/smartcapture/imgproc.xml
  - odm/etc/camera/davinci/s5k4h7_front/dcsr2.xml
    + Fixed up odm/etc/camera/davinci/s5k4h7_front/dcsr2.xml
  - odm/etc/camera/davinci/s5k4h7_front/dcsr_kernel2
  - odm/etc/camera/davinci/s5k4h7_front/dhdr_ivp.xml
    + Fixed up odm/etc/camera/davinci/s5k4h7_front/dhdr_ivp.xml
  - odm/etc/camera/davinci/s5k4h7_front/hwnie.xml
    + Fixed up odm/etc/camera/davinci/s5k4h7_front/hwnie.xml
  - odm/etc/camera/davinci/s5k4h7_front/imgproc.xml
    + Fixed up odm/etc/camera/davinci/s5k4h7_front/imgproc.xml
  - odm/etc/camera/davinci/s5k4h7_front/ivp_hdr2.xml
    + Fixed up odm/etc/camera/davinci/s5k4h7_front/ivp_hdr2.xml
  - odm/etc/camera/davinci/s5k4h7_front/mddavinci/imgproc.xml
    + Fixed up odm/etc/camera/davinci/s5k4h7_front/mddavinci/imgproc.xml
  - odm/etc/camera/davinci/s5k4h7_front/multiframe.xml
    + Fixed up odm/etc/camera/davinci/s5k4h7_front/multiframe.xml
  - odm/etc/camera/davinci/s5k4h7_front/nicefood/imgproc.xml
    + Fixed up odm/etc/camera/davinci/s5k4h7_front/nicefood/imgproc.xml
  - odm/etc/camera/davinci/s5k4h7_front/scene_t42e.dat
  - odm/etc/camera/davinci/s5k4h7_front/smartcapture/imgproc.xml
    + Fixed up odm/etc/camera/davinci/s5k4h7_front/smartcapture/imgproc.xml
  - odm/etc/camera/davinci/s5kgd1sp_front/dcsr2.xml
    + Fixed up odm/etc/camera/davinci/s5kgd1sp_front/dcsr2.xml
  - odm/etc/camera/davinci/s5kgd1sp_front/dcsr_kernel2
  - odm/etc/camera/davinci/s5kgd1sp_front/dhdr_ivp.xml
    + Fixed up odm/etc/camera/davinci/s5kgd1sp_front/dhdr_ivp.xml
  - odm/etc/camera/davinci/s5kgd1sp_front/hwnie.xml
    + Fixed up odm/etc/camera/davinci/s5kgd1sp_front/hwnie.xml
  - odm/etc/camera/davinci/s5kgd1sp_front/imgproc.xml
    + Fixed up odm/etc/camera/davinci/s5kgd1sp_front/imgproc.xml
  - odm/etc/camera/davinci/s5kgd1sp_front/ivp_hdr2.xml
    + Fixed up odm/etc/camera/davinci/s5kgd1sp_front/ivp_hdr2.xml
  - odm/etc/camera/davinci/s5kgd1sp_front/mddavinci/imgproc.xml
    + Fixed up odm/etc/camera/davinci/s5kgd1sp_front/mddavinci/imgproc.xml
  - odm/etc/camera/davinci/s5kgd1sp_front/multiframe.xml
    + Fixed up odm/etc/camera/davinci/s5kgd1sp_front/multiframe.xml
  - odm/etc/camera/davinci/s5kgd1sp_front/nicefood/imgproc.xml
    + Fixed up odm/etc/camera/davinci/s5kgd1sp_front/nicefood/imgproc.xml
  - odm/etc/camera/davinci/s5kgd1sp_front/quadra/imgproc.xml
    + Fixed up odm/etc/camera/davinci/s5kgd1sp_front/quadra/imgproc.xml
  - odm/etc/camera/davinci/s5kgd1sp_front/smartcapture/imgproc.xml
    + Fixed up odm/etc/camera/davinci/s5kgd1sp_front/smartcapture/imgproc.xml
  - odm/etc/camera/dcamera/config.xml
    + Fixed up odm/etc/camera/dcamera/config.xml
  - odm/etc/camera/dcamera/dual_lave_platformconfig.xml
    + Fixed up odm/etc/camera/dcamera/dual_lave_platformconfig.xml
  - odm/etc/camera/dcamera/weightTable.dat
  - odm/etc/camera/facedetection/config.xml
    + Fixed up odm/etc/camera/facedetection/config.xml
  - odm/etc/camera/fairlight/config.xml
    + Fixed up odm/etc/camera/fairlight/config.xml
  - odm/etc/camera/frontbokeh/0T.dat
  - odm/etc/camera/frontbokeh/1T.dat
  - odm/etc/camera/frontbokeh/2T.dat
  - odm/etc/camera/frontbokeh/3T.dat
  - odm/etc/camera/frontbokeh/4T.dat
  - odm/etc/camera/frontbokeh/5T.dat
  - odm/etc/camera/frontbokeh/6T.dat
  - odm/etc/camera/frontbokeh/7T.dat
  - odm/etc/camera/frontbokeh/8T.dat
  - odm/etc/camera/frontbokeh/DNN_Seg_Short_329.model
  - odm/etc/camera/frontbokeh/FcveConfig.dat
  - odm/etc/camera/frontbokeh/blfkernelI_001.dat
  - odm/etc/camera/frontbokeh/blfkernelI_005.dat
  - odm/etc/camera/frontbokeh/blfkernelI_010.dat
  - odm/etc/camera/frontbokeh/fcve.xml
    + Fixed up odm/etc/camera/frontbokeh/fcve.xml
  - odm/etc/camera/frontbokeh/frontBokeh_lensBlur.bin
  - odm/etc/camera/fullsize_binning_config/device.config
  - odm/etc/camera/fullsize_binning_config/imx576/fullsize_binning_change.xml
    + Fixed up odm/etc/camera/fullsize_binning_config/imx576/fullsize_binning_change.xml
  - odm/etc/camera/hdccalib/defaultOtp.rear
  - odm/etc/camera/hisppreproc.xml
    + Fixed up odm/etc/camera/hisppreproc.xml
  - odm/etc/camera/hwbeauty/default/foreign/hwbeauty_params.xml
    + Fixed up odm/etc/camera/hwbeauty/default/foreign/hwbeauty_params.xml
  - odm/etc/camera/hwbeauty/default/hwbeauty_params.xml
    + Fixed up odm/etc/camera/hwbeauty/default/hwbeauty_params.xml
  - odm/etc/camera/hwbeauty/device.config
  - odm/etc/camera/hwbeauty/hi1333/bm/hwbeauty_params.xml
    + Fixed up odm/etc/camera/hwbeauty/hi1333/bm/hwbeauty_params.xml
  - odm/etc/camera/hwbeauty/hi1333/hwbeauty_params.xml
    + Fixed up odm/etc/camera/hwbeauty/hi1333/hwbeauty_params.xml
  - odm/etc/camera/hwbeauty/hi1333/lm/hwbeauty_params.xml
    + Fixed up odm/etc/camera/hwbeauty/hi1333/lm/hwbeauty_params.xml
  - odm/etc/camera/hwbeauty/hi1333/ntdny/hwbeauty_params.xml
    + Fixed up odm/etc/camera/hwbeauty/hi1333/ntdny/hwbeauty_params.xml
  - odm/etc/camera/hwbeauty/hi1333/oz/hwbeauty_params.xml
    + Fixed up odm/etc/camera/hwbeauty/hi1333/oz/hwbeauty_params.xml
  - odm/etc/camera/hwbeauty/hi1333/rh/hwbeauty_params.xml
    + Fixed up odm/etc/camera/hwbeauty/hi1333/rh/hwbeauty_params.xml
  - odm/etc/camera/hwbeauty/hi1333/zdfz/hwbeauty_params.xml
    + Fixed up odm/etc/camera/hwbeauty/hi1333/zdfz/hwbeauty_params.xml
  - odm/etc/camera/hwbeauty/hi846_front/bm/hwbeauty_params.xml
    + Fixed up odm/etc/camera/hwbeauty/hi846_front/bm/hwbeauty_params.xml
  - odm/etc/camera/hwbeauty/hi846_front/hwbeauty_params.xml
    + Fixed up odm/etc/camera/hwbeauty/hi846_front/hwbeauty_params.xml
  - odm/etc/camera/hwbeauty/hi846_front/lm/hwbeauty_params.xml
    + Fixed up odm/etc/camera/hwbeauty/hi846_front/lm/hwbeauty_params.xml
  - odm/etc/camera/hwbeauty/hi846_front/ntdny/hwbeauty_params.xml
    + Fixed up odm/etc/camera/hwbeauty/hi846_front/ntdny/hwbeauty_params.xml
  - odm/etc/camera/hwbeauty/hi846_front/oz/hwbeauty_params.xml
    + Fixed up odm/etc/camera/hwbeauty/hi846_front/oz/hwbeauty_params.xml
  - odm/etc/camera/hwbeauty/hi846_front/rh/hwbeauty_params.xml
    + Fixed up odm/etc/camera/hwbeauty/hi846_front/rh/hwbeauty_params.xml
  - odm/etc/camera/hwbeauty/hi846_front/zdfz/hwbeauty_params.xml
    + Fixed up odm/etc/camera/hwbeauty/hi846_front/zdfz/hwbeauty_params.xml
  - odm/etc/camera/hwbeauty/hi846_front/zg/hwbeauty_params.xml
    + Fixed up odm/etc/camera/hwbeauty/hi846_front/zg/hwbeauty_params.xml
  - odm/etc/camera/hwbeauty/imx258/bm/hwbeauty_params.xml
    + Fixed up odm/etc/camera/hwbeauty/imx258/bm/hwbeauty_params.xml
  - odm/etc/camera/hwbeauty/imx258/hwbeauty_params.xml
    + Fixed up odm/etc/camera/hwbeauty/imx258/hwbeauty_params.xml
  - odm/etc/camera/hwbeauty/imx258/lm/hwbeauty_params.xml
    + Fixed up odm/etc/camera/hwbeauty/imx258/lm/hwbeauty_params.xml
  - odm/etc/camera/hwbeauty/imx258/ntdny/hwbeauty_params.xml
    + Fixed up odm/etc/camera/hwbeauty/imx258/ntdny/hwbeauty_params.xml
  - odm/etc/camera/hwbeauty/imx258/oz/hwbeauty_params.xml
    + Fixed up odm/etc/camera/hwbeauty/imx258/oz/hwbeauty_params.xml
  - odm/etc/camera/hwbeauty/imx258/rh/hwbeauty_params.xml
    + Fixed up odm/etc/camera/hwbeauty/imx258/rh/hwbeauty_params.xml
  - odm/etc/camera/hwbeauty/imx258/zdfz/hwbeauty_params.xml
    + Fixed up odm/etc/camera/hwbeauty/imx258/zdfz/hwbeauty_params.xml
  - odm/etc/camera/hwbeauty/imx371_front/bm/hwbeauty_params.xml
    + Fixed up odm/etc/camera/hwbeauty/imx371_front/bm/hwbeauty_params.xml
  - odm/etc/camera/hwbeauty/imx371_front/hwbeauty_params.xml
    + Fixed up odm/etc/camera/hwbeauty/imx371_front/hwbeauty_params.xml
  - odm/etc/camera/hwbeauty/imx371_front/lm/hwbeauty_params.xml
    + Fixed up odm/etc/camera/hwbeauty/imx371_front/lm/hwbeauty_params.xml
  - odm/etc/camera/hwbeauty/imx371_front/ntdny/hwbeauty_params.xml
    + Fixed up odm/etc/camera/hwbeauty/imx371_front/ntdny/hwbeauty_params.xml
  - odm/etc/camera/hwbeauty/imx371_front/oz/hwbeauty_params.xml
    + Fixed up odm/etc/camera/hwbeauty/imx371_front/oz/hwbeauty_params.xml
  - odm/etc/camera/hwbeauty/imx371_front/rh/hwbeauty_params.xml
    + Fixed up odm/etc/camera/hwbeauty/imx371_front/rh/hwbeauty_params.xml
  - odm/etc/camera/hwbeauty/imx371_front/zdfz/hwbeauty_params.xml
    + Fixed up odm/etc/camera/hwbeauty/imx371_front/zdfz/hwbeauty_params.xml
  - odm/etc/camera/hwbeauty/imx371_front/zg/hwbeauty_params.xml
    + Fixed up odm/etc/camera/hwbeauty/imx371_front/zg/hwbeauty_params.xml
  - odm/etc/camera/hwbeauty/imx576/bm/hwbeauty_params.xml
    + Fixed up odm/etc/camera/hwbeauty/imx576/bm/hwbeauty_params.xml
  - odm/etc/camera/hwbeauty/imx576/hwbeauty_params.xml
    + Fixed up odm/etc/camera/hwbeauty/imx576/hwbeauty_params.xml
  - odm/etc/camera/hwbeauty/imx576/lm/hwbeauty_params.xml
    + Fixed up odm/etc/camera/hwbeauty/imx576/lm/hwbeauty_params.xml
  - odm/etc/camera/hwbeauty/imx576/ntdny/hwbeauty_params.xml
    + Fixed up odm/etc/camera/hwbeauty/imx576/ntdny/hwbeauty_params.xml
  - odm/etc/camera/hwbeauty/imx576/oz/hwbeauty_params.xml
    + Fixed up odm/etc/camera/hwbeauty/imx576/oz/hwbeauty_params.xml
  - odm/etc/camera/hwbeauty/imx576/rh/hwbeauty_params.xml
    + Fixed up odm/etc/camera/hwbeauty/imx576/rh/hwbeauty_params.xml
  - odm/etc/camera/hwbeauty/imx576/zdfz/hwbeauty_params.xml
    + Fixed up odm/etc/camera/hwbeauty/imx576/zdfz/hwbeauty_params.xml
  - odm/etc/camera/hwbeauty/imx576/zg/hwbeauty_params.xml
    + Fixed up odm/etc/camera/hwbeauty/imx576/zg/hwbeauty_params.xml
  - odm/etc/camera/hwbeauty/imx576_front/bm/hwbeauty_params.xml
    + Fixed up odm/etc/camera/hwbeauty/imx576_front/bm/hwbeauty_params.xml
  - odm/etc/camera/hwbeauty/imx576_front/hwbeauty_params.xml
    + Fixed up odm/etc/camera/hwbeauty/imx576_front/hwbeauty_params.xml
  - odm/etc/camera/hwbeauty/imx576_front/lm/hwbeauty_params.xml
    + Fixed up odm/etc/camera/hwbeauty/imx576_front/lm/hwbeauty_params.xml
  - odm/etc/camera/hwbeauty/imx576_front/ntdny/hwbeauty_params.xml
    + Fixed up odm/etc/camera/hwbeauty/imx576_front/ntdny/hwbeauty_params.xml
  - odm/etc/camera/hwbeauty/imx576_front/oz/hwbeauty_params.xml
    + Fixed up odm/etc/camera/hwbeauty/imx576_front/oz/hwbeauty_params.xml
  - odm/etc/camera/hwbeauty/imx576_front/rh/hwbeauty_params.xml
    + Fixed up odm/etc/camera/hwbeauty/imx576_front/rh/hwbeauty_params.xml
  - odm/etc/camera/hwbeauty/imx576_front/zdfz/hwbeauty_params.xml
    + Fixed up odm/etc/camera/hwbeauty/imx576_front/zdfz/hwbeauty_params.xml
  - odm/etc/camera/hwbeauty/imx576_front/zg/hwbeauty_params.xml
    + Fixed up odm/etc/camera/hwbeauty/imx576_front/zg/hwbeauty_params.xml
  - odm/etc/camera/hwbeauty/imx582/bm/hwbeauty_params.xml
    + Fixed up odm/etc/camera/hwbeauty/imx582/bm/hwbeauty_params.xml
  - odm/etc/camera/hwbeauty/imx582/hwbeauty_params.xml
    + Fixed up odm/etc/camera/hwbeauty/imx582/hwbeauty_params.xml
  - odm/etc/camera/hwbeauty/imx582/lm/hwbeauty_params.xml
    + Fixed up odm/etc/camera/hwbeauty/imx582/lm/hwbeauty_params.xml
  - odm/etc/camera/hwbeauty/imx582/ntdny/hwbeauty_params.xml
    + Fixed up odm/etc/camera/hwbeauty/imx582/ntdny/hwbeauty_params.xml
  - odm/etc/camera/hwbeauty/imx582/oz/hwbeauty_params.xml
    + Fixed up odm/etc/camera/hwbeauty/imx582/oz/hwbeauty_params.xml
  - odm/etc/camera/hwbeauty/imx582/rh/hwbeauty_params.xml
    + Fixed up odm/etc/camera/hwbeauty/imx582/rh/hwbeauty_params.xml
  - odm/etc/camera/hwbeauty/imx582/zdfz/hwbeauty_params.xml
    + Fixed up odm/etc/camera/hwbeauty/imx582/zdfz/hwbeauty_params.xml
  - odm/etc/camera/hwbeauty/imx616_front/bm/hwbeauty_params.xml
    + Fixed up odm/etc/camera/hwbeauty/imx616_front/bm/hwbeauty_params.xml
  - odm/etc/camera/hwbeauty/imx616_front/hwbeauty_params.xml
    + Fixed up odm/etc/camera/hwbeauty/imx616_front/hwbeauty_params.xml
  - odm/etc/camera/hwbeauty/imx616_front/lm/hwbeauty_params.xml
    + Fixed up odm/etc/camera/hwbeauty/imx616_front/lm/hwbeauty_params.xml
  - odm/etc/camera/hwbeauty/imx616_front/ntdny/hwbeauty_params.xml
    + Fixed up odm/etc/camera/hwbeauty/imx616_front/ntdny/hwbeauty_params.xml
  - odm/etc/camera/hwbeauty/imx616_front/oz/hwbeauty_params.xml
    + Fixed up odm/etc/camera/hwbeauty/imx616_front/oz/hwbeauty_params.xml
  - odm/etc/camera/hwbeauty/imx616_front/rh/hwbeauty_params.xml
    + Fixed up odm/etc/camera/hwbeauty/imx616_front/rh/hwbeauty_params.xml
  - odm/etc/camera/hwbeauty/imx616_front/zdfz/hwbeauty_params.xml
    + Fixed up odm/etc/camera/hwbeauty/imx616_front/zdfz/hwbeauty_params.xml
  - odm/etc/camera/hwbeauty/imx616_front/zg/hwbeauty_params.xml
    + Fixed up odm/etc/camera/hwbeauty/imx616_front/zg/hwbeauty_params.xml
  - odm/etc/camera/hwbeauty/ov13855/bm/hwbeauty_params.xml
    + Fixed up odm/etc/camera/hwbeauty/ov13855/bm/hwbeauty_params.xml
  - odm/etc/camera/hwbeauty/ov13855/hwbeauty_params.xml
    + Fixed up odm/etc/camera/hwbeauty/ov13855/hwbeauty_params.xml
  - odm/etc/camera/hwbeauty/ov13855/lm/hwbeauty_params.xml
    + Fixed up odm/etc/camera/hwbeauty/ov13855/lm/hwbeauty_params.xml
  - odm/etc/camera/hwbeauty/ov13855/ntdny/hwbeauty_params.xml
    + Fixed up odm/etc/camera/hwbeauty/ov13855/ntdny/hwbeauty_params.xml
  - odm/etc/camera/hwbeauty/ov13855/oz/hwbeauty_params.xml
    + Fixed up odm/etc/camera/hwbeauty/ov13855/oz/hwbeauty_params.xml
  - odm/etc/camera/hwbeauty/ov13855/rh/hwbeauty_params.xml
    + Fixed up odm/etc/camera/hwbeauty/ov13855/rh/hwbeauty_params.xml
  - odm/etc/camera/hwbeauty/ov13855/zdfz/hwbeauty_params.xml
    + Fixed up odm/etc/camera/hwbeauty/ov13855/zdfz/hwbeauty_params.xml
  - odm/etc/camera/hwbeauty/ov16885_front/bm/hwbeauty_params.xml
    + Fixed up odm/etc/camera/hwbeauty/ov16885_front/bm/hwbeauty_params.xml
  - odm/etc/camera/hwbeauty/ov16885_front/hwbeauty_params.xml
    + Fixed up odm/etc/camera/hwbeauty/ov16885_front/hwbeauty_params.xml
  - odm/etc/camera/hwbeauty/ov16885_front/lm/hwbeauty_params.xml
    + Fixed up odm/etc/camera/hwbeauty/ov16885_front/lm/hwbeauty_params.xml
  - odm/etc/camera/hwbeauty/ov16885_front/ntdny/hwbeauty_params.xml
    + Fixed up odm/etc/camera/hwbeauty/ov16885_front/ntdny/hwbeauty_params.xml
  - odm/etc/camera/hwbeauty/ov16885_front/oz/hwbeauty_params.xml
    + Fixed up odm/etc/camera/hwbeauty/ov16885_front/oz/hwbeauty_params.xml
  - odm/etc/camera/hwbeauty/ov16885_front/rh/hwbeauty_params.xml
    + Fixed up odm/etc/camera/hwbeauty/ov16885_front/rh/hwbeauty_params.xml
  - odm/etc/camera/hwbeauty/ov16885_front/zdfz/hwbeauty_params.xml
    + Fixed up odm/etc/camera/hwbeauty/ov16885_front/zdfz/hwbeauty_params.xml
  - odm/etc/camera/hwbeauty/ov16885_front/zg/hwbeauty_params.xml
    + Fixed up odm/etc/camera/hwbeauty/ov16885_front/zg/hwbeauty_params.xml
  - odm/etc/camera/hwbeauty/s5k3l6/bm/hwbeauty_params.xml
    + Fixed up odm/etc/camera/hwbeauty/s5k3l6/bm/hwbeauty_params.xml
  - odm/etc/camera/hwbeauty/s5k3l6/hwbeauty_params.xml
    + Fixed up odm/etc/camera/hwbeauty/s5k3l6/hwbeauty_params.xml
  - odm/etc/camera/hwbeauty/s5k3l6/lm/hwbeauty_params.xml
    + Fixed up odm/etc/camera/hwbeauty/s5k3l6/lm/hwbeauty_params.xml
  - odm/etc/camera/hwbeauty/s5k3l6/ntdny/hwbeauty_params.xml
    + Fixed up odm/etc/camera/hwbeauty/s5k3l6/ntdny/hwbeauty_params.xml
  - odm/etc/camera/hwbeauty/s5k3l6/oz/hwbeauty_params.xml
    + Fixed up odm/etc/camera/hwbeauty/s5k3l6/oz/hwbeauty_params.xml
  - odm/etc/camera/hwbeauty/s5k3l6/rh/hwbeauty_params.xml
    + Fixed up odm/etc/camera/hwbeauty/s5k3l6/rh/hwbeauty_params.xml
  - odm/etc/camera/hwbeauty/s5k3l6/zdfz/hwbeauty_params.xml
    + Fixed up odm/etc/camera/hwbeauty/s5k3l6/zdfz/hwbeauty_params.xml
  - odm/etc/camera/hwbeauty/s5k3p8_front/bm/hwbeauty_params.xml
    + Fixed up odm/etc/camera/hwbeauty/s5k3p8_front/bm/hwbeauty_params.xml
  - odm/etc/camera/hwbeauty/s5k3p8_front/hwbeauty_params.xml
    + Fixed up odm/etc/camera/hwbeauty/s5k3p8_front/hwbeauty_params.xml
  - odm/etc/camera/hwbeauty/s5k3p8_front/lm/hwbeauty_params.xml
    + Fixed up odm/etc/camera/hwbeauty/s5k3p8_front/lm/hwbeauty_params.xml
  - odm/etc/camera/hwbeauty/s5k3p8_front/ntdny/hwbeauty_params.xml
    + Fixed up odm/etc/camera/hwbeauty/s5k3p8_front/ntdny/hwbeauty_params.xml
  - odm/etc/camera/hwbeauty/s5k3p8_front/oz/hwbeauty_params.xml
    + Fixed up odm/etc/camera/hwbeauty/s5k3p8_front/oz/hwbeauty_params.xml
  - odm/etc/camera/hwbeauty/s5k3p8_front/rh/hwbeauty_params.xml
    + Fixed up odm/etc/camera/hwbeauty/s5k3p8_front/rh/hwbeauty_params.xml
  - odm/etc/camera/hwbeauty/s5k3p8_front/zdfz/hwbeauty_params.xml
    + Fixed up odm/etc/camera/hwbeauty/s5k3p8_front/zdfz/hwbeauty_params.xml
  - odm/etc/camera/hwbeauty/s5k3p8_front/zg/hwbeauty_params.xml
    + Fixed up odm/etc/camera/hwbeauty/s5k3p8_front/zg/hwbeauty_params.xml
  - odm/etc/camera/hwbeauty/s5k4h7_front/bm/hwbeauty_params.xml
    + Fixed up odm/etc/camera/hwbeauty/s5k4h7_front/bm/hwbeauty_params.xml
  - odm/etc/camera/hwbeauty/s5k4h7_front/hwbeauty_params.xml
    + Fixed up odm/etc/camera/hwbeauty/s5k4h7_front/hwbeauty_params.xml
  - odm/etc/camera/hwbeauty/s5k4h7_front/lm/hwbeauty_params.xml
    + Fixed up odm/etc/camera/hwbeauty/s5k4h7_front/lm/hwbeauty_params.xml
  - odm/etc/camera/hwbeauty/s5k4h7_front/ntdny/hwbeauty_params.xml
    + Fixed up odm/etc/camera/hwbeauty/s5k4h7_front/ntdny/hwbeauty_params.xml
  - odm/etc/camera/hwbeauty/s5k4h7_front/oz/hwbeauty_params.xml
    + Fixed up odm/etc/camera/hwbeauty/s5k4h7_front/oz/hwbeauty_params.xml
  - odm/etc/camera/hwbeauty/s5k4h7_front/rh/hwbeauty_params.xml
    + Fixed up odm/etc/camera/hwbeauty/s5k4h7_front/rh/hwbeauty_params.xml
  - odm/etc/camera/hwbeauty/s5k4h7_front/zdfz/hwbeauty_params.xml
    + Fixed up odm/etc/camera/hwbeauty/s5k4h7_front/zdfz/hwbeauty_params.xml
  - odm/etc/camera/hwbeauty/s5k4h7_front/zg/hwbeauty_params.xml
    + Fixed up odm/etc/camera/hwbeauty/s5k4h7_front/zg/hwbeauty_params.xml
  - odm/etc/camera/hwbeauty/s5kgd1sp_front/bm/hwbeauty_params.xml
    + Fixed up odm/etc/camera/hwbeauty/s5kgd1sp_front/bm/hwbeauty_params.xml
  - odm/etc/camera/hwbeauty/s5kgd1sp_front/hwbeauty_params.xml
    + Fixed up odm/etc/camera/hwbeauty/s5kgd1sp_front/hwbeauty_params.xml
  - odm/etc/camera/hwbeauty/s5kgd1sp_front/lm/hwbeauty_params.xml
    + Fixed up odm/etc/camera/hwbeauty/s5kgd1sp_front/lm/hwbeauty_params.xml
  - odm/etc/camera/hwbeauty/s5kgd1sp_front/ntdny/hwbeauty_params.xml
    + Fixed up odm/etc/camera/hwbeauty/s5kgd1sp_front/ntdny/hwbeauty_params.xml
  - odm/etc/camera/hwbeauty/s5kgd1sp_front/oz/hwbeauty_params.xml
    + Fixed up odm/etc/camera/hwbeauty/s5kgd1sp_front/oz/hwbeauty_params.xml
  - odm/etc/camera/hwbeauty/s5kgd1sp_front/rh/hwbeauty_params.xml
    + Fixed up odm/etc/camera/hwbeauty/s5kgd1sp_front/rh/hwbeauty_params.xml
  - odm/etc/camera/hwbeauty/s5kgd1sp_front/zdfz/hwbeauty_params.xml
    + Fixed up odm/etc/camera/hwbeauty/s5kgd1sp_front/zdfz/hwbeauty_params.xml
  - odm/etc/camera/hwbeauty/s5kgd1sp_front/zg/hwbeauty_params.xml
    + Fixed up odm/etc/camera/hwbeauty/s5kgd1sp_front/zg/hwbeauty_params.xml
  - odm/etc/camera/hwldc/device.config
  - odm/etc/camera/hwldc/hi846_front/hwldc_config.xml
    + Fixed up odm/etc/camera/hwldc/hi846_front/hwldc_config.xml
  - odm/etc/camera/hwldc/imx371_front/hwldc_config.xml
    + Fixed up odm/etc/camera/hwldc/imx371_front/hwldc_config.xml
  - odm/etc/camera/hwldc/imx576_front/hwldc_config.xml
    + Fixed up odm/etc/camera/hwldc/imx576_front/hwldc_config.xml
  - odm/etc/camera/hwldc/imx616_front/hwldc_config.xml
    + Fixed up odm/etc/camera/hwldc/imx616_front/hwldc_config.xml
  - odm/etc/camera/hwldc/ov16885_front/hwldc_config.xml
    + Fixed up odm/etc/camera/hwldc/ov16885_front/hwldc_config.xml
  - odm/etc/camera/hwldc/s5k3p8_front/hwldc_config.xml
    + Fixed up odm/etc/camera/hwldc/s5k3p8_front/hwldc_config.xml
  - odm/etc/camera/hwldc/s5k4h7_front/hwldc_config.xml
    + Fixed up odm/etc/camera/hwldc/s5k4h7_front/hwldc_config.xml
  - odm/etc/camera/hwldc/s5kgd1sp_front/hwldc_config.xml
    + Fixed up odm/etc/camera/hwldc/s5kgd1sp_front/hwldc_config.xml
  - odm/etc/camera/ippalgoconfig.xml
    + Fixed up odm/etc/camera/ippalgoconfig.xml
  - odm/etc/camera/ispenhnc/ispenhncalgoconfig.xml
    + Fixed up odm/etc/camera/ispenhnc/ispenhncalgoconfig.xml
  - odm/etc/camera/mempoolcfg.xml
    + Fixed up odm/etc/camera/mempoolcfg.xml
  - odm/etc/camera/mmi7cm/device.config
  - odm/etc/camera/mmi7cm/hi1333/mmi7cmConfig.xml
    + Fixed up odm/etc/camera/mmi7cm/hi1333/mmi7cmConfig.xml
  - odm/etc/camera/mmi7cm/imx258/mmi7cmConfig.xml
    + Fixed up odm/etc/camera/mmi7cm/imx258/mmi7cmConfig.xml
  - odm/etc/camera/mmi7cm/imx576/mmi7cmConfig.xml
    + Fixed up odm/etc/camera/mmi7cm/imx576/mmi7cmConfig.xml
  - odm/etc/camera/mmi7cm/imx582/mmi7cmConfig.xml
    + Fixed up odm/etc/camera/mmi7cm/imx582/mmi7cmConfig.xml
  - odm/etc/camera/mmi7cm/ov13855/mmi7cmConfig.xml
    + Fixed up odm/etc/camera/mmi7cm/ov13855/mmi7cmConfig.xml
  - odm/etc/camera/mmi7cm/s5k3l6/mmi7cmConfig.xml
    + Fixed up odm/etc/camera/mmi7cm/s5k3l6/mmi7cmConfig.xml
  - odm/etc/camera/moderecomm/config.xml
    + Fixed up odm/etc/camera/moderecomm/config.xml
  - odm/etc/camera/monitor_config.xml
    + Fixed up odm/etc/camera/monitor_config.xml
  - odm/etc/camera/motiondetection/mdconfig.xml
    + Fixed up odm/etc/camera/motiondetection/mdconfig.xml
  - odm/etc/camera/multidenoise/device.config
  - odm/etc/camera/multidenoise/hi1333/multiframe.xml
    + Fixed up odm/etc/camera/multidenoise/hi1333/multiframe.xml
  - odm/etc/camera/multidenoise/hi846_front/multiframe.xml
    + Fixed up odm/etc/camera/multidenoise/hi846_front/multiframe.xml
  - odm/etc/camera/multidenoise/imx258/multiframe.xml
    + Fixed up odm/etc/camera/multidenoise/imx258/multiframe.xml
  - odm/etc/camera/multidenoise/imx371_front/multiframe.xml
    + Fixed up odm/etc/camera/multidenoise/imx371_front/multiframe.xml
  - odm/etc/camera/multidenoise/imx576/multi_frames_optimize_config.xml
    + Fixed up odm/etc/camera/multidenoise/imx576/multi_frames_optimize_config.xml
  - odm/etc/camera/multidenoise/imx576/multiframe.xml
    + Fixed up odm/etc/camera/multidenoise/imx576/multiframe.xml
  - odm/etc/camera/multidenoise/imx576_front/multiframe.xml
    + Fixed up odm/etc/camera/multidenoise/imx576_front/multiframe.xml
  - odm/etc/camera/multidenoise/imx582/multi_frames_optimize_config.xml
    + Fixed up odm/etc/camera/multidenoise/imx582/multi_frames_optimize_config.xml
  - odm/etc/camera/multidenoise/imx582/multiframe.xml
    + Fixed up odm/etc/camera/multidenoise/imx582/multiframe.xml
  - odm/etc/camera/multidenoise/imx616_front/multiframe.xml
    + Fixed up odm/etc/camera/multidenoise/imx616_front/multiframe.xml
  - odm/etc/camera/multidenoise/multidenoise.xml
    + Fixed up odm/etc/camera/multidenoise/multidenoise.xml
  - odm/etc/camera/multidenoise/ov13855/multiframe.xml
    + Fixed up odm/etc/camera/multidenoise/ov13855/multiframe.xml
  - odm/etc/camera/multidenoise/ov16885_front/multiframe.xml
    + Fixed up odm/etc/camera/multidenoise/ov16885_front/multiframe.xml
  - odm/etc/camera/multidenoise/s5k3l6/multiframe.xml
    + Fixed up odm/etc/camera/multidenoise/s5k3l6/multiframe.xml
  - odm/etc/camera/multidenoise/s5k3p8_front/multiframe.xml
    + Fixed up odm/etc/camera/multidenoise/s5k3p8_front/multiframe.xml
  - odm/etc/camera/multidenoise/s5k4h7_front/multiframe.xml
    + Fixed up odm/etc/camera/multidenoise/s5k4h7_front/multiframe.xml
  - odm/etc/camera/multidenoise/s5kgd1sp_front/multiframe.xml
    + Fixed up odm/etc/camera/multidenoise/s5kgd1sp_front/multiframe.xml
  - odm/etc/camera/nighthawk/default/nighthawk.xml
    + Fixed up odm/etc/camera/nighthawk/default/nighthawk.xml
  - odm/etc/camera/nighthawk/device.config
  - odm/etc/camera/nighthawk/hi1333/nighthawk.xml
    + Fixed up odm/etc/camera/nighthawk/hi1333/nighthawk.xml
  - odm/etc/camera/nighthawk/hi846_front/nighthawk.xml
    + Fixed up odm/etc/camera/nighthawk/hi846_front/nighthawk.xml
  - odm/etc/camera/nighthawk/imx258/nighthawk.xml
    + Fixed up odm/etc/camera/nighthawk/imx258/nighthawk.xml
  - odm/etc/camera/nighthawk/imx371/nighthawk.xml
    + Fixed up odm/etc/camera/nighthawk/imx371/nighthawk.xml
  - odm/etc/camera/nighthawk/imx576/nighthawk.xml
    + Fixed up odm/etc/camera/nighthawk/imx576/nighthawk.xml
  - odm/etc/camera/nighthawk/imx576_front/nighthawk.xml
    + Fixed up odm/etc/camera/nighthawk/imx576_front/nighthawk.xml
  - odm/etc/camera/nighthawk/imx582/nighthawk.xml
    + Fixed up odm/etc/camera/nighthawk/imx582/nighthawk.xml
  - odm/etc/camera/nighthawk/imx616_front/nighthawk.xml
    + Fixed up odm/etc/camera/nighthawk/imx616_front/nighthawk.xml
  - odm/etc/camera/nighthawk/ov13855/nighthawk.xml
    + Fixed up odm/etc/camera/nighthawk/ov13855/nighthawk.xml
  - odm/etc/camera/nighthawk/ov16885/nighthawk.xml
    + Fixed up odm/etc/camera/nighthawk/ov16885/nighthawk.xml
  - odm/etc/camera/nighthawk/s5k3l6/nighthawk.xml
    + Fixed up odm/etc/camera/nighthawk/s5k3l6/nighthawk.xml
  - odm/etc/camera/nighthawk/s5k3p8/nighthawk.xml
    + Fixed up odm/etc/camera/nighthawk/s5k3p8/nighthawk.xml
  - odm/etc/camera/nighthawk/s5k4h7_front/nighthawk.xml
    + Fixed up odm/etc/camera/nighthawk/s5k4h7_front/nighthawk.xml
  - odm/etc/camera/nighthawk/s5kgd1sp_front/nighthawk.xml
    + Fixed up odm/etc/camera/nighthawk/s5kgd1sp_front/nighthawk.xml
  - odm/etc/camera/offlinealgocfg.xml
    + Fixed up odm/etc/camera/offlinealgocfg.xml
  - odm/etc/camera/portrait/VideoBokehShape.xml
    + Fixed up odm/etc/camera/portrait/VideoBokehShape.xml
  - odm/etc/camera/portrait/portraitGallaryAdjustable.xml
    + Fixed up odm/etc/camera/portrait/portraitGallaryAdjustable.xml
  - odm/etc/camera/portrait/portraitModeConfig.xml
    + Fixed up odm/etc/camera/portrait/portraitModeConfig.xml
  - odm/etc/camera/powermonitor/config.xml
    + Fixed up odm/etc/camera/powermonitor/config.xml
  - odm/etc/camera/pp_sr/device.config
  - odm/etc/camera/pp_sr/hi1333/performance_pp_sr.xml
    + Fixed up odm/etc/camera/pp_sr/hi1333/performance_pp_sr.xml
  - odm/etc/camera/pp_sr/imx258/performance_pp_sr.xml
    + Fixed up odm/etc/camera/pp_sr/imx258/performance_pp_sr.xml
  - odm/etc/camera/pp_sr/imx576/performance_pp_sr.xml
    + Fixed up odm/etc/camera/pp_sr/imx576/performance_pp_sr.xml
  - odm/etc/camera/pp_sr/imx582/performance_pp_sr.xml
    + Fixed up odm/etc/camera/pp_sr/imx582/performance_pp_sr.xml
  - odm/etc/camera/pp_sr/ov13855/performance_pp_sr.xml
    + Fixed up odm/etc/camera/pp_sr/ov13855/performance_pp_sr.xml
  - odm/etc/camera/pp_sr/performance_pp_sr.xml
    + Fixed up odm/etc/camera/pp_sr/performance_pp_sr.xml
  - odm/etc/camera/pp_sr/s5k3l6/performance_pp_sr.xml
    + Fixed up odm/etc/camera/pp_sr/s5k3l6/performance_pp_sr.xml
  - odm/etc/camera/ppconfig.xml
    + Fixed up odm/etc/camera/ppconfig.xml
  - odm/etc/camera/quadra/default/config.xml
    + Fixed up odm/etc/camera/quadra/default/config.xml
  - odm/etc/camera/quadra/device.config
  - odm/etc/camera/quadra/imx371_front/config.xml
    + Fixed up odm/etc/camera/quadra/imx371_front/config.xml
  - odm/etc/camera/quadra/imx576/config.xml
    + Fixed up odm/etc/camera/quadra/imx576/config.xml
  - odm/etc/camera/quadra/imx576_front/config.xml
    + Fixed up odm/etc/camera/quadra/imx576_front/config.xml
  - odm/etc/camera/quadra/imx582/config.xml
    + Fixed up odm/etc/camera/quadra/imx582/config.xml
  - odm/etc/camera/quadra/imx616_front/config.xml
    + Fixed up odm/etc/camera/quadra/imx616_front/config.xml
  - odm/etc/camera/quadra/ov16885_front/config.xml
    + Fixed up odm/etc/camera/quadra/ov16885_front/config.xml
  - odm/etc/camera/quadra/s5k3p8_front/config.xml
    + Fixed up odm/etc/camera/quadra/s5k3p8_front/config.xml
  - odm/etc/camera/quadra/s5kgd1sp_front/config.xml
    + Fixed up odm/etc/camera/quadra/s5kgd1sp_front/config.xml
  - odm/etc/camera/scenedetection/sdconfig.xml
    + Fixed up odm/etc/camera/scenedetection/sdconfig.xml
  - odm/etc/camera/scenerecognition/SceneRecognitionConfig.xml
    + Fixed up odm/etc/camera/scenerecognition/SceneRecognitionConfig.xml
  - odm/etc/camera/smartae/device.config
  - odm/etc/camera/smartae/hi1333/SmartAE.xml
    + Fixed up odm/etc/camera/smartae/hi1333/SmartAE.xml
  - odm/etc/camera/smartae/hi846_front/SmartAE.xml
    + Fixed up odm/etc/camera/smartae/hi846_front/SmartAE.xml
  - odm/etc/camera/smartae/imx258/SmartAE.xml
    + Fixed up odm/etc/camera/smartae/imx258/SmartAE.xml
  - odm/etc/camera/smartae/imx371_front/SmartAE.xml
    + Fixed up odm/etc/camera/smartae/imx371_front/SmartAE.xml
  - odm/etc/camera/smartae/imx576/SmartAE.xml
    + Fixed up odm/etc/camera/smartae/imx576/SmartAE.xml
  - odm/etc/camera/smartae/imx576_front/SmartAE.xml
    + Fixed up odm/etc/camera/smartae/imx576_front/SmartAE.xml
  - odm/etc/camera/smartae/imx582/SmartAE.xml
    + Fixed up odm/etc/camera/smartae/imx582/SmartAE.xml
  - odm/etc/camera/smartae/imx582/wide/SmartAE.xml
    + Fixed up odm/etc/camera/smartae/imx582/wide/SmartAE.xml
  - odm/etc/camera/smartae/imx616_front/SmartAE.xml
    + Fixed up odm/etc/camera/smartae/imx616_front/SmartAE.xml
  - odm/etc/camera/smartae/ov13855/SmartAE.xml
    + Fixed up odm/etc/camera/smartae/ov13855/SmartAE.xml
  - odm/etc/camera/smartae/ov16885_front/SmartAE.xml
    + Fixed up odm/etc/camera/smartae/ov16885_front/SmartAE.xml
  - odm/etc/camera/smartae/s5k3l6/SmartAE.xml
    + Fixed up odm/etc/camera/smartae/s5k3l6/SmartAE.xml
  - odm/etc/camera/smartae/s5k3p8_front/SmartAE.xml
    + Fixed up odm/etc/camera/smartae/s5k3p8_front/SmartAE.xml
  - odm/etc/camera/smartae/s5k4h7_front/SmartAE.xml
    + Fixed up odm/etc/camera/smartae/s5k4h7_front/SmartAE.xml
  - odm/etc/camera/smartae/s5kgd1sp_front/SmartAE.xml
    + Fixed up odm/etc/camera/smartae/s5kgd1sp_front/SmartAE.xml
  - odm/etc/camera/smartcapture/config.xml
    + Fixed up odm/etc/camera/smartcapture/config.xml
  - odm/etc/camera/tornado/device.config
  - odm/etc/camera/tornado/hi1333/TornadoI.ini
  - odm/etc/camera/tornado/hi846_front/TornadoI.ini
  - odm/etc/camera/tornado/imx258/TornadoI.ini
  - odm/etc/camera/tornado/imx371_front/TornadoI.ini
  - odm/etc/camera/tornado/imx576/TornadoI.ini
  - odm/etc/camera/tornado/imx576_front/TornadoI.ini
  - odm/etc/camera/tornado/imx582/TornadoI.ini
  - odm/etc/camera/tornado/imx616_front/TornadoI.ini
  - odm/etc/camera/tornado/ov13855/TornadoI.ini
  - odm/etc/camera/tornado/ov16885_front/TornadoI.ini
  - odm/etc/camera/tornado/s5k3l6/TornadoI.ini
  - odm/etc/camera/tornado/s5k3p8_front/TornadoI.ini
  - odm/etc/camera/tornado/s5k4h7_front/TornadoI.ini
  - odm/etc/camera/tornado/s5kgd1sp_front/TornadoI.ini
  - odm/etc/firmware/libpn553_fw.so
  - odm/etc/firmware/ts/POTR690300_AFT_param.csv
  - odm/etc/firmware/ts/POTR690300_caplimit_default.csv
  - odm/etc/firmware/ts/POTR691100_AFT_param.csv
  - odm/etc/firmware/ts/POTR691100_caplimit_default.csv
  - odm/etc/firmware/ts/POTR691300_AFT_param.csv
  - odm/etc/firmware/ts/POTR691300_caplimit_default.csv
  - odm/etc/firmware/ts/POTR771100_AFT_param.csv
  - odm/etc/firmware/ts/POTR771100_caplimit_default.csv
  - odm/etc/firmware/ts/POTR771300_AFT_param.csv
  - odm/etc/firmware/ts/POTR771300_caplimit_default.csv
  - odm/etc/firmware/ts/POTR771700_AFT_param.csv
  - odm/etc/firmware/ts/POTR771700_caplimit_default.csv
  - odm/etc/firmware/ts/libafehalPOTR861300.so
  - odm/etc/firmware/ts/POTR861300_AFT_param.csv
  - odm/etc/firmware/ts/POTR861300_caplimit_default.csv
  - odm/etc/firmware/ts/libafehalPOTR691100.so
  - odm/etc/firmware/ts/libafehalPOTR771100.so
  - odm/etc/firmware/ts/libaftouch.so
  - odm/etc/firmware/ts/libthp.so
  - odm/etc/firmware/ts/libthplog.so
  - odm/etc/firmware/ts/libtsa.so
  - odm/etc/libnfc-brcm.conf
  - odm/etc/libnfc-nxp.conf
  - odm/etc/libnfc-nxp_RF.conf
  - odm/ta/sign_tool_product_ta.sec
  - vendor/etc/camera/watermark/dm.argb
  - vendor/etc/camera/watermark/dm.png
  - vendor/etc/camera/watermark/param.xml
  - vendor/etc/cfg_pot_al00_7645_hisi.ini
  - vendor/etc/cfg_pot_al00_hisi.ini
  - vendor/etc/cfg_pot_al00a_hisi.ini
  - vendor/etc/cfg_pot_lx1_hisi.ini
  - vendor/etc/cfg_pot_lx1af_hisi.ini
  - vendor/etc/cfg_pot_lx1t_hisi.ini
  - vendor/etc/cfg_pot_lx2j_hisi.ini
  - vendor/etc/cfg_pot_lx3_hisi.ini
  - vendor/etc/cfg_pot_tl00_hisi.ini
  - vendor/etc/wifi/hostapd_hisi.conf
  - vendor/etc/wifi/p2p_supplicant_hisi.conf
  - vendor/etc/wifi/p2p_supplicant_overlay.conf
  - vendor/etc/wifi/wpa_supplicant.conf
  - vendor/etc/wifi/wpa_supplicant_hisi.conf
  - vendor/etc/wifi/wpa_supplicant_overlay.conf
  - odm/lib64/hwcam/hwcam.imx258.pd.so
  - odm/lib64/hwcam/hwcam.kirin710.POT.p.GC2375POT.so
  - odm/lib64/hwcam/hwcam.kirin710.POT.p.HI1333POT.so
  - odm/lib64/hwcam/hwcam.kirin710.POT.p.HI259POT.so
  - odm/lib64/hwcam/hwcam.kirin710.POT.p.HI846POT.so
  - odm/lib64/hwcam/hwcam.kirin710.POT.p.IMX258POT.so
  - odm/lib64/hwcam/hwcam.kirin710.POT.p.IMX371POT.so
  - odm/lib64/hwcam/hwcam.kirin710.POT.p.IMX576POT.so
  - odm/lib64/hwcam/hwcam.kirin710.POT.p.IMX576POTFRONT.so
  - odm/lib64/hwcam/hwcam.kirin710.POT.p.IMX582POT.so
  - odm/lib64/hwcam/hwcam.kirin710.POT.p.IMX616POT.so
  - odm/lib64/hwcam/hwcam.kirin710.POT.p.OV02A10POT.so
  - odm/lib64/hwcam/hwcam.kirin710.POT.p.OV13855POT.so
  - odm/lib64/hwcam/hwcam.kirin710.POT.p.OV16885POT.so
  - odm/lib64/hwcam/hwcam.kirin710.POT.p.S5K3L6POT.so
  - odm/lib64/hwcam/hwcam.kirin710.POT.p.S5K3P8POT.so
  - odm/lib64/hwcam/hwcam.kirin710.POT.p.S5K4H7POT.so
  - odm/lib64/hwcam/hwcam.kirin710.POT.p.S5KGD1SPPOT.so
  - odm/lib64/hwcam/hwcam.kirin710.POT.s.GC2375POT.so
  - odm/lib64/hwcam/hwcam.kirin710.POT.s.HI1333POT.so
  - odm/lib64/hwcam/hwcam.kirin710.POT.s.HI259POT.so
  - odm/lib64/hwcam/hwcam.kirin710.POT.s.HI846POT.so
  - odm/lib64/hwcam/hwcam.kirin710.POT.s.IMX258POT.so
  - odm/lib64/hwcam/hwcam.kirin710.POT.s.IMX371POT.so
  - odm/lib64/hwcam/hwcam.kirin710.POT.s.IMX576POT.so
  - odm/lib64/hwcam/hwcam.kirin710.POT.s.IMX576POTFRONT.so
  - odm/lib64/hwcam/hwcam.kirin710.POT.s.IMX582POT.so
  - odm/lib64/hwcam/hwcam.kirin710.POT.s.IMX616POT.so
  - odm/lib64/hwcam/hwcam.kirin710.POT.s.OV02A10POT.so
  - odm/lib64/hwcam/hwcam.kirin710.POT.s.OV13855POT.so
  - odm/lib64/hwcam/hwcam.kirin710.POT.s.OV16885POT.so
  - odm/lib64/hwcam/hwcam.kirin710.POT.s.S5K3L6POT.so
  - odm/lib64/hwcam/hwcam.kirin710.POT.s.S5K3P8POT.so
  - odm/lib64/hwcam/hwcam.kirin710.POT.s.S5K4H7POT.so
  - odm/lib64/hwcam/hwcam.kirin710.POT.s.S5KGD1SPPOT.so
  - odm/lib64/hwcam/hwcam.kirin710.m.POT.so
    + Fixed up odm/lib64/hwcam/hwcam.kirin710.m.POT.so
  - odm/lib64/hwcam/hwcam.ov13855.pd.so
  - odm/lib64/hwcam/hwcam.s5k3l6.pd.so
  - odm/lib64/hwcam/pq.kirin710.pot.gc2375pot.so
  - odm/lib64/hwcam/pq.kirin710.pot.hi1333pot.so
  - odm/lib64/hwcam/pq.kirin710.pot.hi259pot.so
  - odm/lib64/hwcam/pq.kirin710.pot.hi846pot.so
  - odm/lib64/hwcam/pq.kirin710.pot.imx258pot.so
  - odm/lib64/hwcam/pq.kirin710.pot.imx371pot.so
  - odm/lib64/hwcam/pq.kirin710.pot.imx576pot.so
  - odm/lib64/hwcam/pq.kirin710.pot.imx576potfront.so
  - odm/lib64/hwcam/pq.kirin710.pot.imx582pot.so
  - odm/lib64/hwcam/pq.kirin710.pot.imx616pot.so
  - odm/lib64/hwcam/pq.kirin710.pot.ov02a10pot.so
  - odm/lib64/hwcam/pq.kirin710.pot.ov13855pot.so
  - odm/lib64/hwcam/pq.kirin710.pot.ov16885pot.so
  - odm/lib64/hwcam/pq.kirin710.pot.s5k3l6pot.so
  - odm/lib64/hwcam/pq.kirin710.pot.s5k3p8pot.so
  - odm/lib64/hwcam/pq.kirin710.pot.s5k4h7pot.so
  - odm/lib64/hwcam/pq.kirin710.pot.s5kgd1sppot.so
  - odm/lib64/libMegviiUnlock.so
  - odm/lib64/libSonyIMX371RmscLibrary.so
  - odm/lib64/libSonyPDLibrary.so
  - odm/lib64/libarcsoft_agegender_estimation.so
  - odm/lib64/libarcsoft_beautyshot.so
  - odm/lib64/libarcsoft_palm_detection.so
  - odm/lib64/libfcell.so
  - odm/lib64/libmegface_meglive.so
  - odm/lib64/libmmcamera_ovpdaf_type3_2017a.so
  - odm/lib64/libmpbase.so
  - odm/lib64/libmrc_cg_beauty.so
  - odm/lib64/libremosaic_wrapper.so
  - odm/lib64/libremosaiclib.so
  - odm/lib64/libsamsungpdaflib.so
